<?xml version="1.0" encoding="UTF-8"?>
<checkstyle version="5.6">
<file name="D:\GitHub\NextVote\src\com\github\calenria\nextvote\NextVote.java">
<error line="0" severity="error" message="Missing package-info.java file." source="com.puppycrawl.tools.checkstyle.checks.javadoc.JavadocPackageCheck"/>
<error line="3" severity="error" message="Line has trailing spaces." source="com.puppycrawl.tools.checkstyle.checks.regexp.RegexpSinglelineCheck"/>
<error line="8" severity="error" message="Line has trailing spaces." source="com.puppycrawl.tools.checkstyle.checks.regexp.RegexpSinglelineCheck"/>
<error line="13" severity="error" message="Line has trailing spaces." source="com.puppycrawl.tools.checkstyle.checks.regexp.RegexpSinglelineCheck"/>
<error line="58" severity="error" message="Javadoc-Kommentar fehlt." source="com.puppycrawl.tools.checkstyle.checks.javadoc.JavadocTypeCheck"/>
<error line="60" column="5" severity="error" message="Javadoc-Kommentar fehlt." source="com.puppycrawl.tools.checkstyle.checks.javadoc.JavadocVariableCheck"/>
<error line="62" column="5" severity="error" message="Javadoc-Kommentar fehlt." source="com.puppycrawl.tools.checkstyle.checks.javadoc.JavadocVariableCheck"/>
<error line="62" column="29" severity="error" message="Variable &apos;nextVoteListener&apos; muss private sein." source="com.puppycrawl.tools.checkstyle.checks.design.VisibilityModifierCheck"/>
<error line="63" column="5" severity="error" message="Javadoc-Kommentar fehlt." source="com.puppycrawl.tools.checkstyle.checks.javadoc.JavadocVariableCheck"/>
<error line="63" column="28" severity="error" message="Variable &apos;nextVoteManager&apos; muss private sein." source="com.puppycrawl.tools.checkstyle.checks.design.VisibilityModifierCheck"/>
<error line="64" column="5" severity="error" message="Javadoc-Kommentar fehlt." source="com.puppycrawl.tools.checkstyle.checks.javadoc.JavadocVariableCheck"/>
<error line="64" column="43" severity="error" message="Variable &apos;commands&apos; muss private sein." source="com.puppycrawl.tools.checkstyle.checks.design.VisibilityModifierCheck"/>
<error line="65" column="5" severity="error" message="Javadoc-Kommentar fehlt." source="com.puppycrawl.tools.checkstyle.checks.javadoc.JavadocVariableCheck"/>
<error line="65" column="30" severity="error" message="Variable &apos;permission&apos; muss private sein." source="com.puppycrawl.tools.checkstyle.checks.design.VisibilityModifierCheck"/>
<error line="66" column="5" severity="error" message="Javadoc-Kommentar fehlt." source="com.puppycrawl.tools.checkstyle.checks.javadoc.JavadocVariableCheck"/>
<error line="66" column="27" severity="error" message="Variable &apos;economy&apos; muss private sein." source="com.puppycrawl.tools.checkstyle.checks.design.VisibilityModifierCheck"/>
<error line="68" column="5" severity="error" message="Javadoc-Kommentar fehlt." source="com.puppycrawl.tools.checkstyle.checks.javadoc.JavadocVariableCheck"/>
<error line="68" column="27" severity="error" message="Variable &apos;messages&apos; muss private sein." source="com.puppycrawl.tools.checkstyle.checks.design.VisibilityModifierCheck"/>
<error line="69" column="5" severity="error" message="Javadoc-Kommentar fehlt." source="com.puppycrawl.tools.checkstyle.checks.javadoc.JavadocVariableCheck"/>
<error line="69" column="27" severity="error" message="Variable &apos;items&apos; muss private sein." source="com.puppycrawl.tools.checkstyle.checks.design.VisibilityModifierCheck"/>
<error line="71" column="5" severity="error" message="Javadoc-Kommentar fehlt." source="com.puppycrawl.tools.checkstyle.checks.javadoc.JavadocVariableCheck"/>
<error line="71" column="25" severity="error" message="Variable &apos;currVotes&apos; muss private sein." source="com.puppycrawl.tools.checkstyle.checks.design.VisibilityModifierCheck"/>
<error line="73" column="5" severity="error" message="Javadoc-Kommentar fehlt." source="com.puppycrawl.tools.checkstyle.checks.javadoc.JavadocVariableCheck"/>
<error line="73" column="23" severity="error" message="Variable &apos;config&apos; muss private sein." source="com.puppycrawl.tools.checkstyle.checks.design.VisibilityModifierCheck"/>
<error line="75" column="5" severity="error" message="Javadoc-Kommentar fehlt." source="com.puppycrawl.tools.checkstyle.checks.javadoc.JavadocVariableCheck"/>
<error line="75" column="19" severity="error" message="Variable &apos;lang&apos; muss private sein." source="com.puppycrawl.tools.checkstyle.checks.design.VisibilityModifierCheck"/>
<error line="77" column="5" severity="error" message="Die Methode &apos;installDDL&apos; ist nicht für Vererbung entworfen - muss abstract, final oder leer sein." source="com.puppycrawl.tools.checkstyle.checks.design.DesignForExtensionCheck"/>
<error line="82" column="5" severity="error" message="Die Methode &apos;onEnable&apos; ist nicht für Vererbung entworfen - muss abstract, final oder leer sein." source="com.puppycrawl.tools.checkstyle.checks.design.DesignForExtensionCheck"/>
<error line="94" column="5" severity="error" message="Die Methode &apos;setupLang&apos; ist nicht für Vererbung entworfen - muss abstract, final oder leer sein." source="com.puppycrawl.tools.checkstyle.checks.design.DesignForExtensionCheck"/>
<error line="94" column="5" severity="error" message="Javadoc-Kommentar fehlt." source="com.puppycrawl.tools.checkstyle.checks.javadoc.JavadocMethodCheck"/>
<error line="99" column="5" severity="error" message="Javadoc-Kommentar fehlt." source="com.puppycrawl.tools.checkstyle.checks.javadoc.JavadocMethodCheck"/>
<error line="99" column="51" severity="error" message="Der Parameter type sollte als &apos;final&apos; deklariert sein." source="com.puppycrawl.tools.checkstyle.checks.FinalParametersCheck"/>
<error line="125" column="5" severity="error" message="Die Methode &apos;onDisable&apos; ist nicht für Vererbung entworfen - muss abstract, final oder leer sein." source="com.puppycrawl.tools.checkstyle.checks.design.DesignForExtensionCheck"/>
<error line="130" column="5" severity="error" message="Die Methode &apos;setupConfig&apos; ist nicht für Vererbung entworfen - muss abstract, final oder leer sein." source="com.puppycrawl.tools.checkstyle.checks.design.DesignForExtensionCheck"/>
<error line="130" column="5" severity="error" message="Javadoc-Kommentar fehlt." source="com.puppycrawl.tools.checkstyle.checks.javadoc.JavadocMethodCheck"/>
<error line="142" column="5" severity="error" message="Javadoc-Kommentar fehlt." source="com.puppycrawl.tools.checkstyle.checks.javadoc.JavadocMethodCheck"/>
<error line="150" column="5" severity="error" message="Javadoc-Kommentar fehlt." source="com.puppycrawl.tools.checkstyle.checks.javadoc.JavadocMethodCheck"/>
<error line="159" column="5" severity="error" message="Javadoc-Kommentar fehlt." source="com.puppycrawl.tools.checkstyle.checks.javadoc.JavadocMethodCheck"/>
<error line="165" column="5" severity="error" message="Javadoc-Kommentar fehlt." source="com.puppycrawl.tools.checkstyle.checks.javadoc.JavadocMethodCheck"/>
<error line="169" column="5" severity="error" message="Die Methode &apos;getDatabaseClasses&apos; ist nicht für Vererbung entworfen - muss abstract, final oder leer sein." source="com.puppycrawl.tools.checkstyle.checks.design.DesignForExtensionCheck"/>
<error line="177" column="5" severity="error" message="Javadoc-Kommentar fehlt." source="com.puppycrawl.tools.checkstyle.checks.javadoc.JavadocMethodCheck"/>
<error line="180" column="42" severity="error" message="Der Parameter sender sollte als &apos;final&apos; deklariert sein." source="com.puppycrawl.tools.checkstyle.checks.FinalParametersCheck"/>
<error line="180" column="64" severity="error" message="Der Parameter perm sollte als &apos;final&apos; deklariert sein." source="com.puppycrawl.tools.checkstyle.checks.FinalParametersCheck"/>
<error line="193" column="5" severity="error" message="Die Methode &apos;onCommand&apos; ist nicht für Vererbung entworfen - muss abstract, final oder leer sein." source="com.puppycrawl.tools.checkstyle.checks.design.DesignForExtensionCheck"/>
<error line="194" column="30" severity="error" message="Der Parameter sender sollte als &apos;final&apos; deklariert sein." source="com.puppycrawl.tools.checkstyle.checks.FinalParametersCheck"/>
<error line="194" column="52" severity="error" message="Der Parameter cmd sollte als &apos;final&apos; deklariert sein." source="com.puppycrawl.tools.checkstyle.checks.FinalParametersCheck"/>
<error line="194" column="65" severity="error" message="Der Parameter label sollte als &apos;final&apos; deklariert sein." source="com.puppycrawl.tools.checkstyle.checks.FinalParametersCheck"/>
<error line="194" column="79" severity="error" message="Der Parameter args sollte als &apos;final&apos; deklariert sein." source="com.puppycrawl.tools.checkstyle.checks.FinalParametersCheck"/>
</file>
<file name="D:\GitHub\NextVote\src\com\github\calenria\nextvote\NextVoteItem.java">
<error line="3" severity="error" message="Javadoc-Kommentar fehlt." source="com.puppycrawl.tools.checkstyle.checks.javadoc.JavadocTypeCheck"/>
<error line="4" column="5" severity="error" message="Javadoc-Kommentar fehlt." source="com.puppycrawl.tools.checkstyle.checks.javadoc.JavadocVariableCheck"/>
<error line="5" column="5" severity="error" message="Javadoc-Kommentar fehlt." source="com.puppycrawl.tools.checkstyle.checks.javadoc.JavadocVariableCheck"/>
<error line="6" column="5" severity="error" message="Javadoc-Kommentar fehlt." source="com.puppycrawl.tools.checkstyle.checks.javadoc.JavadocVariableCheck"/>
<error line="7" column="5" severity="error" message="Javadoc-Kommentar fehlt." source="com.puppycrawl.tools.checkstyle.checks.javadoc.JavadocVariableCheck"/>
<error line="8" column="5" severity="error" message="Javadoc-Kommentar fehlt." source="com.puppycrawl.tools.checkstyle.checks.javadoc.JavadocVariableCheck"/>
<error line="13" column="5" severity="error" message="Die Methode &apos;getMaterial&apos; ist nicht für Vererbung entworfen - muss abstract, final oder leer sein." source="com.puppycrawl.tools.checkstyle.checks.design.DesignForExtensionCheck"/>
<error line="20" column="5" severity="error" message="Die Methode &apos;getName&apos; ist nicht für Vererbung entworfen - muss abstract, final oder leer sein." source="com.puppycrawl.tools.checkstyle.checks.design.DesignForExtensionCheck"/>
<error line="27" column="5" severity="error" message="Die Methode &apos;getLokalName&apos; ist nicht für Vererbung entworfen - muss abstract, final oder leer sein." source="com.puppycrawl.tools.checkstyle.checks.design.DesignForExtensionCheck"/>
<error line="34" column="5" severity="error" message="Die Methode &apos;getDamage&apos; ist nicht für Vererbung entworfen - muss abstract, final oder leer sein." source="com.puppycrawl.tools.checkstyle.checks.design.DesignForExtensionCheck"/>
<error line="41" column="5" severity="error" message="Die Methode &apos;getAmount&apos; ist nicht für Vererbung entworfen - muss abstract, final oder leer sein." source="com.puppycrawl.tools.checkstyle.checks.design.DesignForExtensionCheck"/>
<error line="45" column="5" severity="error" message="Javadoc-Kommentar fehlt." source="com.puppycrawl.tools.checkstyle.checks.javadoc.JavadocMethodCheck"/>
<error line="45" column="18" severity="error" message="&apos;Econ&apos; entspricht nicht dem Muster &apos;^[a-z][a-zA-Z0-9]*$&apos;." source="com.puppycrawl.tools.checkstyle.checks.naming.MethodNameCheck"/>
<error line="45" column="23" severity="error" message="Der Parameter id sollte als &apos;final&apos; deklariert sein." source="com.puppycrawl.tools.checkstyle.checks.FinalParametersCheck"/>
<error line="51" column="5" severity="error" message="Javadoc-Kommentar fehlt." source="com.puppycrawl.tools.checkstyle.checks.javadoc.JavadocMethodCheck"/>
<error line="51" column="18" severity="error" message="&apos;Item&apos; entspricht nicht dem Muster &apos;^[a-z][a-zA-Z0-9]*$&apos;." source="com.puppycrawl.tools.checkstyle.checks.naming.MethodNameCheck"/>
<error line="51" column="23" severity="error" message="Der Parameter id sollte als &apos;final&apos; deklariert sein." source="com.puppycrawl.tools.checkstyle.checks.FinalParametersCheck"/>
<error line="51" column="34" severity="error" message="Der Parameter plugin sollte als &apos;final&apos; deklariert sein." source="com.puppycrawl.tools.checkstyle.checks.FinalParametersCheck"/>
<error line="66" column="5" severity="error" message="Die Methode &apos;SetItem&apos; ist nicht für Vererbung entworfen - muss abstract, final oder leer sein." source="com.puppycrawl.tools.checkstyle.checks.design.DesignForExtensionCheck"/>
<error line="66" column="5" severity="error" message="Javadoc-Kommentar fehlt." source="com.puppycrawl.tools.checkstyle.checks.javadoc.JavadocMethodCheck"/>
<error line="66" column="17" severity="error" message="&apos;SetItem&apos; entspricht nicht dem Muster &apos;^[a-z][a-zA-Z0-9]*$&apos;." source="com.puppycrawl.tools.checkstyle.checks.naming.MethodNameCheck"/>
<error line="66" column="25" severity="error" message="Der Parameter id sollte als &apos;final&apos; deklariert sein." source="com.puppycrawl.tools.checkstyle.checks.FinalParametersCheck"/>
<error line="66" column="36" severity="error" message="Der Parameter plugin sollte als &apos;final&apos; deklariert sein." source="com.puppycrawl.tools.checkstyle.checks.FinalParametersCheck"/>
</file>
<file name="D:\GitHub\NextVote\src\com\github\calenria\nextvote\NextVoteRadomItem.java">
<error line="9" severity="error" message="Javadoc-Kommentar fehlt." source="com.puppycrawl.tools.checkstyle.checks.javadoc.JavadocTypeCheck"/>
<error line="10" severity="error" message="Javadoc-Kommentar fehlt." source="com.puppycrawl.tools.checkstyle.checks.javadoc.JavadocTypeCheck"/>
<error line="11" column="9" severity="error" message="Javadoc-Kommentar fehlt." source="com.puppycrawl.tools.checkstyle.checks.javadoc.JavadocVariableCheck"/>
<error line="11" column="15" severity="error" message="Javadoc-Kommentar fehlt." source="com.puppycrawl.tools.checkstyle.checks.javadoc.JavadocVariableCheck"/>
<error line="11" column="24" severity="error" message="Javadoc-Kommentar fehlt." source="com.puppycrawl.tools.checkstyle.checks.javadoc.JavadocVariableCheck"/>
<error line="11" column="30" severity="error" message="Javadoc-Kommentar fehlt." source="com.puppycrawl.tools.checkstyle.checks.javadoc.JavadocVariableCheck"/>
<error line="14" column="5" severity="error" message="Javadoc-Kommentar fehlt." source="com.puppycrawl.tools.checkstyle.checks.javadoc.JavadocVariableCheck"/>
<error line="15" column="5" severity="error" message="Javadoc-Kommentar fehlt." source="com.puppycrawl.tools.checkstyle.checks.javadoc.JavadocVariableCheck"/>
<error line="16" column="5" severity="error" message="Javadoc-Kommentar fehlt." source="com.puppycrawl.tools.checkstyle.checks.javadoc.JavadocVariableCheck"/>
<error line="17" column="5" severity="error" message="Javadoc-Kommentar fehlt." source="com.puppycrawl.tools.checkstyle.checks.javadoc.JavadocVariableCheck"/>
<error line="18" column="5" severity="error" message="Javadoc-Kommentar fehlt." source="com.puppycrawl.tools.checkstyle.checks.javadoc.JavadocVariableCheck"/>
<error line="19" column="5" severity="error" message="Javadoc-Kommentar fehlt." source="com.puppycrawl.tools.checkstyle.checks.javadoc.JavadocVariableCheck"/>
<error line="20" column="5" severity="error" message="Javadoc-Kommentar fehlt." source="com.puppycrawl.tools.checkstyle.checks.javadoc.JavadocVariableCheck"/>
<error line="21" column="5" severity="error" message="Javadoc-Kommentar fehlt." source="com.puppycrawl.tools.checkstyle.checks.javadoc.JavadocVariableCheck"/>
<error line="22" column="5" severity="error" message="Javadoc-Kommentar fehlt." source="com.puppycrawl.tools.checkstyle.checks.javadoc.JavadocVariableCheck"/>
<error line="23" column="5" severity="error" message="Javadoc-Kommentar fehlt." source="com.puppycrawl.tools.checkstyle.checks.javadoc.JavadocVariableCheck"/>
<error line="25" column="5" severity="error" message="Die Methode &apos;isEcon&apos; ist nicht für Vererbung entworfen - muss abstract, final oder leer sein." source="com.puppycrawl.tools.checkstyle.checks.design.DesignForExtensionCheck"/>
<error line="25" column="5" severity="error" message="Javadoc-Kommentar fehlt." source="com.puppycrawl.tools.checkstyle.checks.javadoc.JavadocMethodCheck"/>
<error line="32" column="5" severity="error" message="Die Methode &apos;getItemQuality&apos; ist nicht für Vererbung entworfen - muss abstract, final oder leer sein." source="com.puppycrawl.tools.checkstyle.checks.design.DesignForExtensionCheck"/>
<error line="39" column="5" severity="error" message="Die Methode &apos;getDamage&apos; ist nicht für Vererbung entworfen - muss abstract, final oder leer sein." source="com.puppycrawl.tools.checkstyle.checks.design.DesignForExtensionCheck"/>
<error line="46" column="5" severity="error" message="Die Methode &apos;getMaterial&apos; ist nicht für Vererbung entworfen - muss abstract, final oder leer sein." source="com.puppycrawl.tools.checkstyle.checks.design.DesignForExtensionCheck"/>
<error line="53" column="5" severity="error" message="Die Methode &apos;getItemstack&apos; ist nicht für Vererbung entworfen - muss abstract, final oder leer sein." source="com.puppycrawl.tools.checkstyle.checks.design.DesignForExtensionCheck"/>
<error line="60" column="5" severity="error" message="Die Methode &apos;getName&apos; ist nicht für Vererbung entworfen - muss abstract, final oder leer sein." source="com.puppycrawl.tools.checkstyle.checks.design.DesignForExtensionCheck"/>
<error line="67" column="5" severity="error" message="Die Methode &apos;getLokalName&apos; ist nicht für Vererbung entworfen - muss abstract, final oder leer sein." source="com.puppycrawl.tools.checkstyle.checks.design.DesignForExtensionCheck"/>
<error line="74" column="5" severity="error" message="Die Methode &apos;getAmount&apos; ist nicht für Vererbung entworfen - muss abstract, final oder leer sein." source="com.puppycrawl.tools.checkstyle.checks.design.DesignForExtensionCheck"/>
<error line="81" column="5" severity="error" message="Die Methode &apos;getEcoAmount&apos; ist nicht für Vererbung entworfen - muss abstract, final oder leer sein." source="com.puppycrawl.tools.checkstyle.checks.design.DesignForExtensionCheck"/>
<error line="85" column="5" severity="error" message="Javadoc-Kommentar fehlt." source="com.puppycrawl.tools.checkstyle.checks.javadoc.JavadocMethodCheck"/>
<error line="85" column="30" severity="error" message="Der Parameter plugin sollte als &apos;final&apos; deklariert sein." source="com.puppycrawl.tools.checkstyle.checks.FinalParametersCheck"/>
<error line="104" column="5" severity="error" message="Javadoc-Kommentar fehlt." source="com.puppycrawl.tools.checkstyle.checks.javadoc.JavadocMethodCheck"/>
<error line="104" column="20" severity="error" message="&apos;PickItem&apos; entspricht nicht dem Muster &apos;^[a-z][a-zA-Z0-9]*$&apos;." source="com.puppycrawl.tools.checkstyle.checks.naming.MethodNameCheck"/>
<error line="125" column="5" severity="error" message="Javadoc-Kommentar fehlt." source="com.puppycrawl.tools.checkstyle.checks.javadoc.JavadocMethodCheck"/>
<error line="125" column="17" severity="error" message="&apos;PickAmount&apos; entspricht nicht dem Muster &apos;^[a-z][a-zA-Z0-9]*$&apos;." source="com.puppycrawl.tools.checkstyle.checks.naming.MethodNameCheck"/>
</file>
<file name="D:\GitHub\NextVote\src\com\github\calenria\nextvote\Utils.java">
<error line="3" severity="error" message="Line has trailing spaces." source="com.puppycrawl.tools.checkstyle.checks.regexp.RegexpSinglelineCheck"/>
<error line="8" severity="error" message="Line has trailing spaces." source="com.puppycrawl.tools.checkstyle.checks.regexp.RegexpSinglelineCheck"/>
<error line="13" severity="error" message="Line has trailing spaces." source="com.puppycrawl.tools.checkstyle.checks.regexp.RegexpSinglelineCheck"/>
<error line="35" severity="error" message="Javadoc-Kommentar fehlt." source="com.puppycrawl.tools.checkstyle.checks.javadoc.JavadocTypeCheck"/>
<error line="35" column="1" severity="error" message="Utility classes should not have a public or default constructor." source="com.puppycrawl.tools.checkstyle.checks.design.HideUtilityClassConstructorCheck"/>
<error line="37" column="5" severity="error" message="Javadoc-Kommentar fehlt." source="com.puppycrawl.tools.checkstyle.checks.javadoc.JavadocVariableCheck"/>
<error line="39" column="5" severity="error" message="Javadoc-Kommentar fehlt." source="com.puppycrawl.tools.checkstyle.checks.javadoc.JavadocMethodCheck"/>
<error line="64" column="5" severity="error" message="Javadoc-Kommentar fehlt." source="com.puppycrawl.tools.checkstyle.checks.javadoc.JavadocVariableCheck"/>
<error line="64" column="11" severity="error" message="Modifier &apos;public&apos; weicht von der empfohlenen Modifier-Reihenfolge aus der Java-Sprachdefinition ab." source="com.puppycrawl.tools.checkstyle.checks.modifier.ModifierOrderCheck"/>
<error line="64" column="48" severity="error" message="&apos;colorFireworkMap&apos; entspricht nicht dem Muster &apos;^[A-Z][A-Z0-9]*(_[A-Z0-9]+)*$&apos;." source="com.puppycrawl.tools.checkstyle.checks.naming.ConstantNameCheck"/>
<error line="87" column="5" severity="error" message="Javadoc-Kommentar fehlt." source="com.puppycrawl.tools.checkstyle.checks.javadoc.JavadocMethodCheck"/>
<error line="87" column="40" severity="error" message="Der Parameter text sollte als &apos;final&apos; deklariert sein." source="com.puppycrawl.tools.checkstyle.checks.FinalParametersCheck"/>
<error line="97" column="5" severity="error" message="Javadoc-Kommentar fehlt." source="com.puppycrawl.tools.checkstyle.checks.javadoc.JavadocMethodCheck"/>
<error line="97" column="44" severity="error" message="Der Parameter text sollte als &apos;final&apos; deklariert sein." source="com.puppycrawl.tools.checkstyle.checks.FinalParametersCheck"/>
<error line="97" column="57" severity="error" message="Der Parameter player sollte als &apos;final&apos; deklariert sein." source="com.puppycrawl.tools.checkstyle.checks.FinalParametersCheck"/>
<error line="105" column="5" severity="error" message="Javadoc-Kommentar fehlt." source="com.puppycrawl.tools.checkstyle.checks.javadoc.JavadocMethodCheck"/>
<error line="105" column="44" severity="error" message="Der Parameter text sollte als &apos;final&apos; deklariert sein." source="com.puppycrawl.tools.checkstyle.checks.FinalParametersCheck"/>
<error line="105" column="57" severity="error" message="Der Parameter player sollte als &apos;final&apos; deklariert sein." source="com.puppycrawl.tools.checkstyle.checks.FinalParametersCheck"/>
<error line="105" column="72" severity="error" message="Der Parameter days sollte als &apos;final&apos; deklariert sein." source="com.puppycrawl.tools.checkstyle.checks.FinalParametersCheck"/>
<error line="113" column="5" severity="error" message="Javadoc-Kommentar fehlt." source="com.puppycrawl.tools.checkstyle.checks.javadoc.JavadocMethodCheck"/>
<error line="113" column="39" severity="error" message="Der Parameter inputArray sollte als &apos;final&apos; deklariert sein." source="com.puppycrawl.tools.checkstyle.checks.FinalParametersCheck"/>
<error line="113" column="60" severity="error" message="Der Parameter glueString sollte als &apos;final&apos; deklariert sein." source="com.puppycrawl.tools.checkstyle.checks.FinalParametersCheck"/>
<error line="133" column="5" severity="error" message="Javadoc-Kommentar fehlt." source="com.puppycrawl.tools.checkstyle.checks.javadoc.JavadocMethodCheck"/>
<error line="133" column="36" severity="error" message="Der Parameter startDate sollte als &apos;final&apos; deklariert sein." source="com.puppycrawl.tools.checkstyle.checks.FinalParametersCheck"/>
<error line="133" column="56" severity="error" message="Der Parameter endDate sollte als &apos;final&apos; deklariert sein." source="com.puppycrawl.tools.checkstyle.checks.FinalParametersCheck"/>
<error line="143" column="5" severity="error" message="Javadoc-Kommentar fehlt." source="com.puppycrawl.tools.checkstyle.checks.javadoc.JavadocMethodCheck"/>
<error line="143" column="44" severity="error" message="Der Parameter startDate sollte als &apos;final&apos; deklariert sein." source="com.puppycrawl.tools.checkstyle.checks.FinalParametersCheck"/>
<error line="143" column="60" severity="error" message="Der Parameter endDate sollte als &apos;final&apos; deklariert sein." source="com.puppycrawl.tools.checkstyle.checks.FinalParametersCheck"/>
<error line="168" column="5" severity="error" message="Javadoc-Kommentar fehlt." source="com.puppycrawl.tools.checkstyle.checks.javadoc.JavadocMethodCheck"/>
<error line="168" column="29" severity="error" message="Der Parameter input sollte als &apos;final&apos; deklariert sein." source="com.puppycrawl.tools.checkstyle.checks.FinalParametersCheck"/>
<error line="168" column="48" severity="error" message="Der Parameter target sollte als &apos;final&apos; deklariert sein." source="com.puppycrawl.tools.checkstyle.checks.FinalParametersCheck"/>
<error line="177" column="34" severity="error" message="&apos;1024&apos; sollte durch eine Konstante definiert sein." source="com.puppycrawl.tools.checkstyle.checks.coding.MagicNumberCheck"/>
</file>
<file name="D:\GitHub\NextVote\src\com\github\calenria\nextvote\commands\CommandHandler.java">
<error line="0" severity="error" message="Missing package-info.java file." source="com.puppycrawl.tools.checkstyle.checks.javadoc.JavadocPackageCheck"/>
<error line="15" severity="error" message="Javadoc-Kommentar fehlt." source="com.puppycrawl.tools.checkstyle.checks.javadoc.JavadocTypeCheck"/>
<error line="16" column="5" severity="error" message="Javadoc-Kommentar fehlt." source="com.puppycrawl.tools.checkstyle.checks.javadoc.JavadocVariableCheck"/>
<error line="18" column="5" severity="error" message="Javadoc-Kommentar fehlt." source="com.puppycrawl.tools.checkstyle.checks.javadoc.JavadocMethodCheck"/>
<error line="18" column="27" severity="error" message="Der Parameter plugin sollte als &apos;final&apos; deklariert sein." source="com.puppycrawl.tools.checkstyle.checks.FinalParametersCheck"/>
<error line="18" column="36" severity="error" message="&apos;plugin&apos; verbirgt ein Feld." source="com.puppycrawl.tools.checkstyle.checks.coding.HiddenFieldCheck"/>
<error line="22" column="5" severity="error" message="Javadoc-Kommentar fehlt." source="com.puppycrawl.tools.checkstyle.checks.javadoc.JavadocMethodCheck"/>
<error line="24" column="26" severity="error" message="Der Parameter args sollte als &apos;final&apos; deklariert sein." source="com.puppycrawl.tools.checkstyle.checks.FinalParametersCheck"/>
<error line="24" column="47" severity="error" message="Der Parameter sender sollte als &apos;final&apos; deklariert sein." source="com.puppycrawl.tools.checkstyle.checks.FinalParametersCheck"/>
<error line="27" column="5" severity="error" message="Die Methode &apos;vote&apos; ist nicht für Vererbung entworfen - muss abstract, final oder leer sein." source="com.puppycrawl.tools.checkstyle.checks.design.DesignForExtensionCheck"/>
<error line="27" column="5" severity="error" message="Javadoc-Kommentar fehlt." source="com.puppycrawl.tools.checkstyle.checks.javadoc.JavadocMethodCheck"/>
<error line="29" column="22" severity="error" message="Der Parameter args sollte als &apos;final&apos; deklariert sein." source="com.puppycrawl.tools.checkstyle.checks.FinalParametersCheck"/>
<error line="29" column="43" severity="error" message="Der Parameter sender sollte als &apos;final&apos; deklariert sein." source="com.puppycrawl.tools.checkstyle.checks.FinalParametersCheck"/>
<error line="29" column="72" severity="error" message="Klassen-Information für CommandException nicht verfügbar." source="com.puppycrawl.tools.checkstyle.checks.coding.RedundantThrowsCheck"/>
</file>
<file name="D:\GitHub\NextVote\src\com\github\calenria\nextvote\commands\VoteCommands.java">
<error line="16" severity="error" message="Javadoc-Kommentar fehlt." source="com.puppycrawl.tools.checkstyle.checks.javadoc.JavadocTypeCheck"/>
<error line="17" column="5" severity="error" message="Javadoc-Kommentar fehlt." source="com.puppycrawl.tools.checkstyle.checks.javadoc.JavadocVariableCheck"/>
<error line="18" column="5" severity="error" message="Javadoc-Kommentar fehlt." source="com.puppycrawl.tools.checkstyle.checks.javadoc.JavadocVariableCheck"/>
<error line="20" column="5" severity="error" message="Javadoc-Kommentar fehlt." source="com.puppycrawl.tools.checkstyle.checks.javadoc.JavadocMethodCheck"/>
<error line="20" column="25" severity="error" message="Der Parameter plugin sollte als &apos;final&apos; deklariert sein." source="com.puppycrawl.tools.checkstyle.checks.FinalParametersCheck"/>
<error line="20" column="34" severity="error" message="&apos;plugin&apos; verbirgt ein Feld." source="com.puppycrawl.tools.checkstyle.checks.coding.HiddenFieldCheck"/>
<error line="24" column="5" severity="error" message="Die Methode &apos;reload&apos; ist nicht für Vererbung entworfen - muss abstract, final oder leer sein." source="com.puppycrawl.tools.checkstyle.checks.design.DesignForExtensionCheck"/>
<error line="24" column="5" severity="error" message="Javadoc-Kommentar fehlt." source="com.puppycrawl.tools.checkstyle.checks.javadoc.JavadocMethodCheck"/>
<error line="26" column="24" severity="error" message="Der Parameter args sollte als &apos;final&apos; deklariert sein." source="com.puppycrawl.tools.checkstyle.checks.FinalParametersCheck"/>
<error line="26" column="45" severity="error" message="Der Parameter sender sollte als &apos;final&apos; deklariert sein." source="com.puppycrawl.tools.checkstyle.checks.FinalParametersCheck"/>
<error line="26" column="74" severity="error" message="Klassen-Information für CommandException nicht verfügbar." source="com.puppycrawl.tools.checkstyle.checks.coding.RedundantThrowsCheck"/>
<error line="33" column="5" severity="error" message="Die Methode &apos;test&apos; ist nicht für Vererbung entworfen - muss abstract, final oder leer sein." source="com.puppycrawl.tools.checkstyle.checks.design.DesignForExtensionCheck"/>
<error line="33" column="5" severity="error" message="Javadoc-Kommentar fehlt." source="com.puppycrawl.tools.checkstyle.checks.javadoc.JavadocMethodCheck"/>
<error line="35" column="22" severity="error" message="Der Parameter args sollte als &apos;final&apos; deklariert sein." source="com.puppycrawl.tools.checkstyle.checks.FinalParametersCheck"/>
<error line="35" column="43" severity="error" message="Der Parameter sender sollte als &apos;final&apos; deklariert sein." source="com.puppycrawl.tools.checkstyle.checks.FinalParametersCheck"/>
<error line="35" column="72" severity="error" message="Klassen-Information für CommandException nicht verfügbar." source="com.puppycrawl.tools.checkstyle.checks.coding.RedundantThrowsCheck"/>
<error line="48" column="5" severity="error" message="Die Methode &apos;votefor&apos; ist nicht für Vererbung entworfen - muss abstract, final oder leer sein." source="com.puppycrawl.tools.checkstyle.checks.design.DesignForExtensionCheck"/>
<error line="48" column="5" severity="error" message="Javadoc-Kommentar fehlt." source="com.puppycrawl.tools.checkstyle.checks.javadoc.JavadocMethodCheck"/>
<error line="50" column="25" severity="error" message="Der Parameter args sollte als &apos;final&apos; deklariert sein." source="com.puppycrawl.tools.checkstyle.checks.FinalParametersCheck"/>
<error line="50" column="46" severity="error" message="Der Parameter sender sollte als &apos;final&apos; deklariert sein." source="com.puppycrawl.tools.checkstyle.checks.FinalParametersCheck"/>
<error line="50" column="75" severity="error" message="Klassen-Information für CommandException nicht verfügbar." source="com.puppycrawl.tools.checkstyle.checks.coding.RedundantThrowsCheck"/>
</file>
<file name="D:\GitHub\NextVote\src\com\github\calenria\nextvote\listener\NextVoteListener.java">
<error line="0" severity="error" message="Missing package-info.java file." source="com.puppycrawl.tools.checkstyle.checks.javadoc.JavadocPackageCheck"/>
<error line="3" severity="error" message="Line has trailing spaces." source="com.puppycrawl.tools.checkstyle.checks.regexp.RegexpSinglelineCheck"/>
<error line="8" severity="error" message="Line has trailing spaces." source="com.puppycrawl.tools.checkstyle.checks.regexp.RegexpSinglelineCheck"/>
<error line="13" severity="error" message="Line has trailing spaces." source="com.puppycrawl.tools.checkstyle.checks.regexp.RegexpSinglelineCheck"/>
<error line="44" severity="error" message="Javadoc-Kommentar fehlt." source="com.puppycrawl.tools.checkstyle.checks.javadoc.JavadocTypeCheck"/>
<error line="45" column="5" severity="error" message="Javadoc-Kommentar fehlt." source="com.puppycrawl.tools.checkstyle.checks.javadoc.JavadocVariableCheck"/>
<error line="46" column="5" severity="error" message="Javadoc-Kommentar fehlt." source="com.puppycrawl.tools.checkstyle.checks.javadoc.JavadocVariableCheck"/>
<error line="47" column="5" severity="error" message="Javadoc-Kommentar fehlt." source="com.puppycrawl.tools.checkstyle.checks.javadoc.JavadocVariableCheck"/>
<error line="47" column="24" severity="error" message="Variable &apos;database&apos; muss private sein." source="com.puppycrawl.tools.checkstyle.checks.design.VisibilityModifierCheck"/>
<error line="49" column="5" severity="error" message="Javadoc-Kommentar fehlt." source="com.puppycrawl.tools.checkstyle.checks.javadoc.JavadocMethodCheck"/>
<error line="49" column="29" severity="error" message="Der Parameter plugin sollte als &apos;final&apos; deklariert sein." source="com.puppycrawl.tools.checkstyle.checks.FinalParametersCheck"/>
<error line="49" column="38" severity="error" message="&apos;plugin&apos; verbirgt ein Feld." source="com.puppycrawl.tools.checkstyle.checks.coding.HiddenFieldCheck"/>
<error line="61" column="5" severity="error" message="Die Methode &apos;onVotifierEvent&apos; ist nicht für Vererbung entworfen - muss abstract, final oder leer sein." source="com.puppycrawl.tools.checkstyle.checks.design.DesignForExtensionCheck"/>
<error line="61" column="5" severity="error" message="Javadoc-Kommentar fehlt." source="com.puppycrawl.tools.checkstyle.checks.javadoc.JavadocMethodCheck"/>
<error line="62" column="33" severity="error" message="Der Parameter event sollte als &apos;final&apos; deklariert sein." source="com.puppycrawl.tools.checkstyle.checks.FinalParametersCheck"/>
<error line="83" column="5" severity="error" message="Die Methode &apos;onPlayerJoinEvent&apos; ist nicht für Vererbung entworfen - muss abstract, final oder leer sein." source="com.puppycrawl.tools.checkstyle.checks.design.DesignForExtensionCheck"/>
<error line="83" column="5" severity="error" message="Javadoc-Kommentar fehlt." source="com.puppycrawl.tools.checkstyle.checks.javadoc.JavadocMethodCheck"/>
<error line="132" column="12" severity="error" message="&apos;60L&apos; sollte durch eine Konstante definiert sein." source="com.puppycrawl.tools.checkstyle.checks.coding.MagicNumberCheck"/>
</file>
<file name="D:\GitHub\NextVote\src\com\github\calenria\nextvote\managers\NextVoteManager.java">
<error line="0" severity="error" message="Missing package-info.java file." source="com.puppycrawl.tools.checkstyle.checks.javadoc.JavadocPackageCheck"/>
<error line="34" severity="error" message="Javadoc-Kommentar fehlt." source="com.puppycrawl.tools.checkstyle.checks.javadoc.JavadocTypeCheck"/>
<error line="35" column="5" severity="error" message="Javadoc-Kommentar fehlt." source="com.puppycrawl.tools.checkstyle.checks.javadoc.JavadocVariableCheck"/>
<error line="36" column="5" severity="error" message="Javadoc-Kommentar fehlt." source="com.puppycrawl.tools.checkstyle.checks.javadoc.JavadocVariableCheck"/>
<error line="37" column="5" severity="error" message="Javadoc-Kommentar fehlt." source="com.puppycrawl.tools.checkstyle.checks.javadoc.JavadocVariableCheck"/>
<error line="39" column="5" severity="error" message="Javadoc-Kommentar fehlt." source="com.puppycrawl.tools.checkstyle.checks.javadoc.JavadocMethodCheck"/>
<error line="39" column="28" severity="error" message="Der Parameter plugin sollte als &apos;final&apos; deklariert sein." source="com.puppycrawl.tools.checkstyle.checks.FinalParametersCheck"/>
<error line="39" column="37" severity="error" message="&apos;plugin&apos; verbirgt ein Feld." source="com.puppycrawl.tools.checkstyle.checks.coding.HiddenFieldCheck"/>
<error line="50" column="5" severity="error" message="Die Methode &apos;doVote&apos; ist nicht für Vererbung entworfen - muss abstract, final oder leer sein." source="com.puppycrawl.tools.checkstyle.checks.design.DesignForExtensionCheck"/>
<error line="50" column="5" severity="error" message="Javadoc-Kommentar fehlt." source="com.puppycrawl.tools.checkstyle.checks.javadoc.JavadocMethodCheck"/>
<error line="50" column="24" severity="error" message="Der Parameter player sollte als &apos;final&apos; deklariert sein." source="com.puppycrawl.tools.checkstyle.checks.FinalParametersCheck"/>
<error line="84" column="5" severity="error" message="Javadoc-Kommentar fehlt." source="com.puppycrawl.tools.checkstyle.checks.javadoc.JavadocMethodCheck"/>
<error line="84" column="28" severity="error" message="Der Parameter oPlayer sollte als &apos;final&apos; deklariert sein." source="com.puppycrawl.tools.checkstyle.checks.FinalParametersCheck"/>
<error line="84" column="51" severity="error" message="Der Parameter vote sollte als &apos;final&apos; deklariert sein." source="com.puppycrawl.tools.checkstyle.checks.FinalParametersCheck"/>
<error line="125" column="5" severity="error" message="Javadoc-Kommentar fehlt." source="com.puppycrawl.tools.checkstyle.checks.javadoc.JavadocMethodCheck"/>
<error line="125" column="35" severity="error" message="Der Parameter translatedList sollte als &apos;final&apos; deklariert sein." source="com.puppycrawl.tools.checkstyle.checks.FinalParametersCheck"/>
<error line="136" column="5" severity="error" message="Die Methode &apos;payVote&apos; ist nicht für Vererbung entworfen - muss abstract, final oder leer sein." source="com.puppycrawl.tools.checkstyle.checks.design.DesignForExtensionCheck"/>
<error line="136" column="5" severity="error" message="Javadoc-Kommentar fehlt." source="com.puppycrawl.tools.checkstyle.checks.javadoc.JavadocMethodCheck"/>
<error line="136" column="28" severity="error" message="Der Parameter oPlayer sollte als &apos;final&apos; deklariert sein." source="com.puppycrawl.tools.checkstyle.checks.FinalParametersCheck"/>
<error line="136" column="51" severity="error" message="Der Parameter vote sollte als &apos;final&apos; deklariert sein." source="com.puppycrawl.tools.checkstyle.checks.FinalParametersCheck"/>
<error line="167" column="5" severity="error" message="Javadoc-Kommentar fehlt." source="com.puppycrawl.tools.checkstyle.checks.javadoc.JavadocMethodCheck"/>
<error line="189" column="12" severity="error" message="&apos;20L&apos; sollte durch eine Konstante definiert sein." source="com.puppycrawl.tools.checkstyle.checks.coding.MagicNumberCheck"/>
<error line="189" column="18" severity="error" message="&apos;5L&apos; sollte durch eine Konstante definiert sein." source="com.puppycrawl.tools.checkstyle.checks.coding.MagicNumberCheck"/>
<error line="192" column="5" severity="error" message="Die Methode &apos;currVoteSheduler&apos; ist nicht für Vererbung entworfen - muss abstract, final oder leer sein." source="com.puppycrawl.tools.checkstyle.checks.design.DesignForExtensionCheck"/>
<error line="192" column="5" severity="error" message="Javadoc-Kommentar fehlt." source="com.puppycrawl.tools.checkstyle.checks.javadoc.JavadocMethodCheck"/>
<error line="197" column="12" severity="error" message="&apos;20L&apos; sollte durch eine Konstante definiert sein." source="com.puppycrawl.tools.checkstyle.checks.coding.MagicNumberCheck"/>
<error line="197" column="17" severity="error" message="&apos;20&apos; sollte durch eine Konstante definiert sein." source="com.puppycrawl.tools.checkstyle.checks.coding.MagicNumberCheck"/>
<error line="197" column="22" severity="error" message="&apos;60&apos; sollte durch eine Konstante definiert sein." source="com.puppycrawl.tools.checkstyle.checks.coding.MagicNumberCheck"/>
<error line="200" column="5" severity="error" message="Die Methode &apos;payVoteSheduler&apos; ist nicht für Vererbung entworfen - muss abstract, final oder leer sein." source="com.puppycrawl.tools.checkstyle.checks.design.DesignForExtensionCheck"/>
<error line="200" column="5" severity="error" message="Javadoc-Kommentar fehlt." source="com.puppycrawl.tools.checkstyle.checks.javadoc.JavadocMethodCheck"/>
<error line="205" column="12" severity="error" message="&apos;20L&apos; sollte durch eine Konstante definiert sein." source="com.puppycrawl.tools.checkstyle.checks.coding.MagicNumberCheck"/>
<error line="205" column="17" severity="error" message="&apos;20&apos; sollte durch eine Konstante definiert sein." source="com.puppycrawl.tools.checkstyle.checks.coding.MagicNumberCheck"/>
<error line="205" column="22" severity="error" message="&apos;60&apos; sollte durch eine Konstante definiert sein." source="com.puppycrawl.tools.checkstyle.checks.coding.MagicNumberCheck"/>
<error line="208" column="5" severity="error" message="Javadoc-Kommentar fehlt." source="com.puppycrawl.tools.checkstyle.checks.javadoc.JavadocMethodCheck"/>
<error line="212" column="40" severity="error" message="&apos;-30&apos; sollte durch eine Konstante definiert sein." source="com.puppycrawl.tools.checkstyle.checks.coding.MagicNumberCheck"/>
<error line="230" column="5" severity="error" message="Javadoc-Kommentar fehlt." source="com.puppycrawl.tools.checkstyle.checks.javadoc.JavadocMethodCheck"/>
</file>
<file name="D:\GitHub\NextVote\src\com\github\calenria\nextvote\models\ConfigData.java">
<error line="0" severity="error" message="Missing package-info.java file." source="com.puppycrawl.tools.checkstyle.checks.javadoc.JavadocPackageCheck"/>
<error line="10" severity="error" message="Javadoc-Kommentar fehlt." source="com.puppycrawl.tools.checkstyle.checks.javadoc.JavadocTypeCheck"/>
<error line="12" column="5" severity="error" message="Javadoc-Kommentar fehlt." source="com.puppycrawl.tools.checkstyle.checks.javadoc.JavadocVariableCheck"/>
<error line="15" column="5" severity="error" message="Javadoc-Kommentar fehlt." source="com.puppycrawl.tools.checkstyle.checks.javadoc.JavadocVariableCheck"/>
<error line="16" column="5" severity="error" message="Javadoc-Kommentar fehlt." source="com.puppycrawl.tools.checkstyle.checks.javadoc.JavadocVariableCheck"/>
<error line="17" column="5" severity="error" message="Javadoc-Kommentar fehlt." source="com.puppycrawl.tools.checkstyle.checks.javadoc.JavadocVariableCheck"/>
<error line="18" column="5" severity="error" message="Javadoc-Kommentar fehlt." source="com.puppycrawl.tools.checkstyle.checks.javadoc.JavadocVariableCheck"/>
<error line="19" column="5" severity="error" message="Javadoc-Kommentar fehlt." source="com.puppycrawl.tools.checkstyle.checks.javadoc.JavadocVariableCheck"/>
<error line="20" column="5" severity="error" message="Javadoc-Kommentar fehlt." source="com.puppycrawl.tools.checkstyle.checks.javadoc.JavadocVariableCheck"/>
<error line="21" column="5" severity="error" message="Javadoc-Kommentar fehlt." source="com.puppycrawl.tools.checkstyle.checks.javadoc.JavadocVariableCheck"/>
<error line="22" column="5" severity="error" message="Javadoc-Kommentar fehlt." source="com.puppycrawl.tools.checkstyle.checks.javadoc.JavadocVariableCheck"/>
<error line="23" column="5" severity="error" message="Javadoc-Kommentar fehlt." source="com.puppycrawl.tools.checkstyle.checks.javadoc.JavadocVariableCheck"/>
<error line="24" column="5" severity="error" message="Javadoc-Kommentar fehlt." source="com.puppycrawl.tools.checkstyle.checks.javadoc.JavadocVariableCheck"/>
<error line="25" column="5" severity="error" message="Javadoc-Kommentar fehlt." source="com.puppycrawl.tools.checkstyle.checks.javadoc.JavadocVariableCheck"/>
<error line="26" column="5" severity="error" message="Javadoc-Kommentar fehlt." source="com.puppycrawl.tools.checkstyle.checks.javadoc.JavadocVariableCheck"/>
<error line="27" column="5" severity="error" message="Javadoc-Kommentar fehlt." source="com.puppycrawl.tools.checkstyle.checks.javadoc.JavadocVariableCheck"/>
<error line="28" column="5" severity="error" message="Javadoc-Kommentar fehlt." source="com.puppycrawl.tools.checkstyle.checks.javadoc.JavadocVariableCheck"/>
<error line="29" column="5" severity="error" message="Javadoc-Kommentar fehlt." source="com.puppycrawl.tools.checkstyle.checks.javadoc.JavadocVariableCheck"/>
<error line="30" column="5" severity="error" message="Javadoc-Kommentar fehlt." source="com.puppycrawl.tools.checkstyle.checks.javadoc.JavadocVariableCheck"/>
<error line="31" column="5" severity="error" message="Javadoc-Kommentar fehlt." source="com.puppycrawl.tools.checkstyle.checks.javadoc.JavadocVariableCheck"/>
<error line="32" column="5" severity="error" message="Javadoc-Kommentar fehlt." source="com.puppycrawl.tools.checkstyle.checks.javadoc.JavadocVariableCheck"/>
<error line="33" column="5" severity="error" message="Javadoc-Kommentar fehlt." source="com.puppycrawl.tools.checkstyle.checks.javadoc.JavadocVariableCheck"/>
<error line="34" column="5" severity="error" message="Javadoc-Kommentar fehlt." source="com.puppycrawl.tools.checkstyle.checks.javadoc.JavadocVariableCheck"/>
<error line="35" column="5" severity="error" message="Javadoc-Kommentar fehlt." source="com.puppycrawl.tools.checkstyle.checks.javadoc.JavadocVariableCheck"/>
<error line="36" column="5" severity="error" message="Javadoc-Kommentar fehlt." source="com.puppycrawl.tools.checkstyle.checks.javadoc.JavadocVariableCheck"/>
<error line="37" column="5" severity="error" message="Javadoc-Kommentar fehlt." source="com.puppycrawl.tools.checkstyle.checks.javadoc.JavadocVariableCheck"/>
<error line="38" column="5" severity="error" message="Javadoc-Kommentar fehlt." source="com.puppycrawl.tools.checkstyle.checks.javadoc.JavadocVariableCheck"/>
<error line="39" column="5" severity="error" message="Javadoc-Kommentar fehlt." source="com.puppycrawl.tools.checkstyle.checks.javadoc.JavadocVariableCheck"/>
<error line="40" column="5" severity="error" message="Javadoc-Kommentar fehlt." source="com.puppycrawl.tools.checkstyle.checks.javadoc.JavadocVariableCheck"/>
<error line="41" column="5" severity="error" message="Javadoc-Kommentar fehlt." source="com.puppycrawl.tools.checkstyle.checks.javadoc.JavadocVariableCheck"/>
<error line="42" column="5" severity="error" message="Javadoc-Kommentar fehlt." source="com.puppycrawl.tools.checkstyle.checks.javadoc.JavadocVariableCheck"/>
<error line="43" column="5" severity="error" message="Javadoc-Kommentar fehlt." source="com.puppycrawl.tools.checkstyle.checks.javadoc.JavadocVariableCheck"/>
<error line="44" column="5" severity="error" message="Javadoc-Kommentar fehlt." source="com.puppycrawl.tools.checkstyle.checks.javadoc.JavadocVariableCheck"/>
<error line="45" column="5" severity="error" message="Javadoc-Kommentar fehlt." source="com.puppycrawl.tools.checkstyle.checks.javadoc.JavadocVariableCheck"/>
<error line="46" column="5" severity="error" message="Javadoc-Kommentar fehlt." source="com.puppycrawl.tools.checkstyle.checks.javadoc.JavadocVariableCheck"/>
<error line="47" column="5" severity="error" message="Javadoc-Kommentar fehlt." source="com.puppycrawl.tools.checkstyle.checks.javadoc.JavadocVariableCheck"/>
<error line="48" column="5" severity="error" message="Javadoc-Kommentar fehlt." source="com.puppycrawl.tools.checkstyle.checks.javadoc.JavadocVariableCheck"/>
<error line="50" column="5" severity="error" message="Javadoc-Kommentar fehlt." source="com.puppycrawl.tools.checkstyle.checks.javadoc.JavadocVariableCheck"/>
<error line="51" column="5" severity="error" message="Javadoc-Kommentar fehlt." source="com.puppycrawl.tools.checkstyle.checks.javadoc.JavadocVariableCheck"/>
<error line="52" column="5" severity="error" message="Javadoc-Kommentar fehlt." source="com.puppycrawl.tools.checkstyle.checks.javadoc.JavadocVariableCheck"/>
<error line="54" column="5" severity="error" message="Javadoc-Kommentar fehlt." source="com.puppycrawl.tools.checkstyle.checks.javadoc.JavadocMethodCheck"/>
<error line="54" column="23" severity="error" message="Der Parameter plugin sollte als &apos;final&apos; deklariert sein." source="com.puppycrawl.tools.checkstyle.checks.FinalParametersCheck"/>
<error line="94" column="5" severity="error" message="Die Methode &apos;setBroadcastMessageItemEcon&apos; ist nicht für Vererbung entworfen - muss abstract, final oder leer sein." source="com.puppycrawl.tools.checkstyle.checks.design.DesignForExtensionCheck"/>
<error line="94" column="5" severity="error" message="Javadoc-Kommentar fehlt." source="com.puppycrawl.tools.checkstyle.checks.javadoc.JavadocMethodCheck"/>
<error line="94" column="45" severity="error" message="Der Parameter broadcastMessageItemEcon sollte als &apos;final&apos; deklariert sein." source="com.puppycrawl.tools.checkstyle.checks.FinalParametersCheck"/>
<error line="94" column="58" severity="error" message="&apos;broadcastMessageItemEcon&apos; verbirgt ein Feld." source="com.puppycrawl.tools.checkstyle.checks.coding.HiddenFieldCheck"/>
<error line="99" column="5" severity="error" message="Die Methode &apos;getBroadcastMessageItemEcon&apos; ist nicht für Vererbung entworfen - muss abstract, final oder leer sein." source="com.puppycrawl.tools.checkstyle.checks.design.DesignForExtensionCheck"/>
<error line="99" column="5" severity="error" message="Javadoc-Kommentar fehlt." source="com.puppycrawl.tools.checkstyle.checks.javadoc.JavadocMethodCheck"/>
<error line="106" column="5" severity="error" message="Die Methode &apos;getLang&apos; ist nicht für Vererbung entworfen - muss abstract, final oder leer sein." source="com.puppycrawl.tools.checkstyle.checks.design.DesignForExtensionCheck"/>
<error line="114" column="5" severity="error" message="Die Methode &apos;setLang&apos; ist nicht für Vererbung entworfen - muss abstract, final oder leer sein." source="com.puppycrawl.tools.checkstyle.checks.design.DesignForExtensionCheck"/>
<error line="114" column="25" severity="error" message="Der Parameter lang sollte als &apos;final&apos; deklariert sein." source="com.puppycrawl.tools.checkstyle.checks.FinalParametersCheck"/>
<error line="114" column="32" severity="error" message="&apos;lang&apos; verbirgt ein Feld." source="com.puppycrawl.tools.checkstyle.checks.coding.HiddenFieldCheck"/>
<error line="121" column="5" severity="error" message="Die Methode &apos;getVoteInfo&apos; ist nicht für Vererbung entworfen - muss abstract, final oder leer sein." source="com.puppycrawl.tools.checkstyle.checks.design.DesignForExtensionCheck"/>
<error line="129" column="5" severity="error" message="Die Methode &apos;setVoteInfo&apos; ist nicht für Vererbung entworfen - muss abstract, final oder leer sein." source="com.puppycrawl.tools.checkstyle.checks.design.DesignForExtensionCheck"/>
<error line="129" column="29" severity="error" message="Der Parameter voteInfo sollte als &apos;final&apos; deklariert sein." source="com.puppycrawl.tools.checkstyle.checks.FinalParametersCheck"/>
<error line="129" column="42" severity="error" message="&apos;voteInfo&apos; verbirgt ein Feld." source="com.puppycrawl.tools.checkstyle.checks.coding.HiddenFieldCheck"/>
<error line="136" column="5" severity="error" message="Die Methode &apos;getThxVote&apos; ist nicht für Vererbung entworfen - muss abstract, final oder leer sein." source="com.puppycrawl.tools.checkstyle.checks.design.DesignForExtensionCheck"/>
<error line="144" column="5" severity="error" message="Die Methode &apos;setThxVote&apos; ist nicht für Vererbung entworfen - muss abstract, final oder leer sein." source="com.puppycrawl.tools.checkstyle.checks.design.DesignForExtensionCheck"/>
<error line="144" column="28" severity="error" message="Der Parameter thxVote sollte als &apos;final&apos; deklariert sein." source="com.puppycrawl.tools.checkstyle.checks.FinalParametersCheck"/>
<error line="144" column="41" severity="error" message="&apos;thxVote&apos; verbirgt ein Feld." source="com.puppycrawl.tools.checkstyle.checks.coding.HiddenFieldCheck"/>
<error line="151" column="5" severity="error" message="Die Methode &apos;getNoVote&apos; ist nicht für Vererbung entworfen - muss abstract, final oder leer sein." source="com.puppycrawl.tools.checkstyle.checks.design.DesignForExtensionCheck"/>
<error line="159" column="5" severity="error" message="Die Methode &apos;setNoVote&apos; ist nicht für Vererbung entworfen - muss abstract, final oder leer sein." source="com.puppycrawl.tools.checkstyle.checks.design.DesignForExtensionCheck"/>
<error line="159" column="27" severity="error" message="Der Parameter noVote sollte als &apos;final&apos; deklariert sein." source="com.puppycrawl.tools.checkstyle.checks.FinalParametersCheck"/>
<error line="159" column="40" severity="error" message="&apos;noVote&apos; verbirgt ein Feld." source="com.puppycrawl.tools.checkstyle.checks.coding.HiddenFieldCheck"/>
<error line="166" column="5" severity="error" message="Die Methode &apos;getDayVote&apos; ist nicht für Vererbung entworfen - muss abstract, final oder leer sein." source="com.puppycrawl.tools.checkstyle.checks.design.DesignForExtensionCheck"/>
<error line="174" column="5" severity="error" message="Die Methode &apos;setDayVote&apos; ist nicht für Vererbung entworfen - muss abstract, final oder leer sein." source="com.puppycrawl.tools.checkstyle.checks.design.DesignForExtensionCheck"/>
<error line="174" column="28" severity="error" message="Der Parameter dayVote sollte als &apos;final&apos; deklariert sein." source="com.puppycrawl.tools.checkstyle.checks.FinalParametersCheck"/>
<error line="174" column="41" severity="error" message="&apos;dayVote&apos; verbirgt ein Feld." source="com.puppycrawl.tools.checkstyle.checks.coding.HiddenFieldCheck"/>
<error line="181" column="5" severity="error" message="Die Methode &apos;getDaysVote&apos; ist nicht für Vererbung entworfen - muss abstract, final oder leer sein." source="com.puppycrawl.tools.checkstyle.checks.design.DesignForExtensionCheck"/>
<error line="189" column="5" severity="error" message="Die Methode &apos;setDaysVote&apos; ist nicht für Vererbung entworfen - muss abstract, final oder leer sein." source="com.puppycrawl.tools.checkstyle.checks.design.DesignForExtensionCheck"/>
<error line="189" column="29" severity="error" message="Der Parameter daysVote sollte als &apos;final&apos; deklariert sein." source="com.puppycrawl.tools.checkstyle.checks.FinalParametersCheck"/>
<error line="189" column="42" severity="error" message="&apos;daysVote&apos; verbirgt ein Feld." source="com.puppycrawl.tools.checkstyle.checks.coding.HiddenFieldCheck"/>
<error line="196" column="5" severity="error" message="Die Methode &apos;getInfoVote&apos; ist nicht für Vererbung entworfen - muss abstract, final oder leer sein." source="com.puppycrawl.tools.checkstyle.checks.design.DesignForExtensionCheck"/>
<error line="204" column="5" severity="error" message="Die Methode &apos;setInfoVote&apos; ist nicht für Vererbung entworfen - muss abstract, final oder leer sein." source="com.puppycrawl.tools.checkstyle.checks.design.DesignForExtensionCheck"/>
<error line="204" column="29" severity="error" message="Der Parameter infoVote sollte als &apos;final&apos; deklariert sein." source="com.puppycrawl.tools.checkstyle.checks.FinalParametersCheck"/>
<error line="204" column="42" severity="error" message="&apos;infoVote&apos; verbirgt ein Feld." source="com.puppycrawl.tools.checkstyle.checks.coding.HiddenFieldCheck"/>
<error line="211" column="5" severity="error" message="Die Methode &apos;isShowBroadcast&apos; ist nicht für Vererbung entworfen - muss abstract, final oder leer sein." source="com.puppycrawl.tools.checkstyle.checks.design.DesignForExtensionCheck"/>
<error line="219" column="5" severity="error" message="Die Methode &apos;setShowBroadcast&apos; ist nicht für Vererbung entworfen - muss abstract, final oder leer sein." source="com.puppycrawl.tools.checkstyle.checks.design.DesignForExtensionCheck"/>
<error line="219" column="34" severity="error" message="Der Parameter showBroadcast sollte als &apos;final&apos; deklariert sein." source="com.puppycrawl.tools.checkstyle.checks.FinalParametersCheck"/>
<error line="219" column="42" severity="error" message="&apos;showBroadcast&apos; verbirgt ein Feld." source="com.puppycrawl.tools.checkstyle.checks.coding.HiddenFieldCheck"/>
<error line="226" column="5" severity="error" message="Die Methode &apos;isBonusItem&apos; ist nicht für Vererbung entworfen - muss abstract, final oder leer sein." source="com.puppycrawl.tools.checkstyle.checks.design.DesignForExtensionCheck"/>
<error line="234" column="5" severity="error" message="Die Methode &apos;setBonusItem&apos; ist nicht für Vererbung entworfen - muss abstract, final oder leer sein." source="com.puppycrawl.tools.checkstyle.checks.design.DesignForExtensionCheck"/>
<error line="234" column="30" severity="error" message="Der Parameter bonusItem sollte als &apos;final&apos; deklariert sein." source="com.puppycrawl.tools.checkstyle.checks.FinalParametersCheck"/>
<error line="234" column="38" severity="error" message="&apos;bonusItem&apos; verbirgt ein Feld." source="com.puppycrawl.tools.checkstyle.checks.coding.HiddenFieldCheck"/>
<error line="241" column="5" severity="error" message="Die Methode &apos;getBonusChance&apos; ist nicht für Vererbung entworfen - muss abstract, final oder leer sein." source="com.puppycrawl.tools.checkstyle.checks.design.DesignForExtensionCheck"/>
<error line="249" column="5" severity="error" message="Die Methode &apos;setBonusChance&apos; ist nicht für Vererbung entworfen - muss abstract, final oder leer sein." source="com.puppycrawl.tools.checkstyle.checks.design.DesignForExtensionCheck"/>
<error line="249" column="32" severity="error" message="Der Parameter bonusChance sollte als &apos;final&apos; deklariert sein." source="com.puppycrawl.tools.checkstyle.checks.FinalParametersCheck"/>
<error line="249" column="36" severity="error" message="&apos;bonusChance&apos; verbirgt ein Feld." source="com.puppycrawl.tools.checkstyle.checks.coding.HiddenFieldCheck"/>
<error line="256" column="5" severity="error" message="Die Methode &apos;getPoorChance&apos; ist nicht für Vererbung entworfen - muss abstract, final oder leer sein." source="com.puppycrawl.tools.checkstyle.checks.design.DesignForExtensionCheck"/>
<error line="264" column="5" severity="error" message="Die Methode &apos;setPoorChance&apos; ist nicht für Vererbung entworfen - muss abstract, final oder leer sein." source="com.puppycrawl.tools.checkstyle.checks.design.DesignForExtensionCheck"/>
<error line="264" column="31" severity="error" message="Der Parameter poorChance sollte als &apos;final&apos; deklariert sein." source="com.puppycrawl.tools.checkstyle.checks.FinalParametersCheck"/>
<error line="264" column="35" severity="error" message="&apos;poorChance&apos; verbirgt ein Feld." source="com.puppycrawl.tools.checkstyle.checks.coding.HiddenFieldCheck"/>
<error line="271" column="5" severity="error" message="Die Methode &apos;getAverageChance&apos; ist nicht für Vererbung entworfen - muss abstract, final oder leer sein." source="com.puppycrawl.tools.checkstyle.checks.design.DesignForExtensionCheck"/>
<error line="279" column="5" severity="error" message="Die Methode &apos;setAverageChance&apos; ist nicht für Vererbung entworfen - muss abstract, final oder leer sein." source="com.puppycrawl.tools.checkstyle.checks.design.DesignForExtensionCheck"/>
<error line="279" column="34" severity="error" message="Der Parameter averageChance sollte als &apos;final&apos; deklariert sein." source="com.puppycrawl.tools.checkstyle.checks.FinalParametersCheck"/>
<error line="279" column="38" severity="error" message="&apos;averageChance&apos; verbirgt ein Feld." source="com.puppycrawl.tools.checkstyle.checks.coding.HiddenFieldCheck"/>
<error line="286" column="5" severity="error" message="Die Methode &apos;getGoodChance&apos; ist nicht für Vererbung entworfen - muss abstract, final oder leer sein." source="com.puppycrawl.tools.checkstyle.checks.design.DesignForExtensionCheck"/>
<error line="294" column="5" severity="error" message="Die Methode &apos;setGoodChance&apos; ist nicht für Vererbung entworfen - muss abstract, final oder leer sein." source="com.puppycrawl.tools.checkstyle.checks.design.DesignForExtensionCheck"/>
<error line="294" column="31" severity="error" message="Der Parameter goodChance sollte als &apos;final&apos; deklariert sein." source="com.puppycrawl.tools.checkstyle.checks.FinalParametersCheck"/>
<error line="294" column="35" severity="error" message="&apos;goodChance&apos; verbirgt ein Feld." source="com.puppycrawl.tools.checkstyle.checks.coding.HiddenFieldCheck"/>
<error line="301" column="5" severity="error" message="Die Methode &apos;getTopChance&apos; ist nicht für Vererbung entworfen - muss abstract, final oder leer sein." source="com.puppycrawl.tools.checkstyle.checks.design.DesignForExtensionCheck"/>
<error line="309" column="5" severity="error" message="Die Methode &apos;setTopChance&apos; ist nicht für Vererbung entworfen - muss abstract, final oder leer sein." source="com.puppycrawl.tools.checkstyle.checks.design.DesignForExtensionCheck"/>
<error line="309" column="30" severity="error" message="Der Parameter topChance sollte als &apos;final&apos; deklariert sein." source="com.puppycrawl.tools.checkstyle.checks.FinalParametersCheck"/>
<error line="309" column="34" severity="error" message="&apos;topChance&apos; verbirgt ein Feld." source="com.puppycrawl.tools.checkstyle.checks.coding.HiddenFieldCheck"/>
<error line="316" column="5" severity="error" message="Die Methode &apos;getPoorMinAmount&apos; ist nicht für Vererbung entworfen - muss abstract, final oder leer sein." source="com.puppycrawl.tools.checkstyle.checks.design.DesignForExtensionCheck"/>
<error line="324" column="5" severity="error" message="Die Methode &apos;setPoorMinAmount&apos; ist nicht für Vererbung entworfen - muss abstract, final oder leer sein." source="com.puppycrawl.tools.checkstyle.checks.design.DesignForExtensionCheck"/>
<error line="324" column="34" severity="error" message="Der Parameter poorMinAmount sollte als &apos;final&apos; deklariert sein." source="com.puppycrawl.tools.checkstyle.checks.FinalParametersCheck"/>
<error line="324" column="38" severity="error" message="&apos;poorMinAmount&apos; verbirgt ein Feld." source="com.puppycrawl.tools.checkstyle.checks.coding.HiddenFieldCheck"/>
<error line="331" column="5" severity="error" message="Die Methode &apos;getPoorMaxAmount&apos; ist nicht für Vererbung entworfen - muss abstract, final oder leer sein." source="com.puppycrawl.tools.checkstyle.checks.design.DesignForExtensionCheck"/>
<error line="339" column="5" severity="error" message="Die Methode &apos;setPoorMaxAmount&apos; ist nicht für Vererbung entworfen - muss abstract, final oder leer sein." source="com.puppycrawl.tools.checkstyle.checks.design.DesignForExtensionCheck"/>
<error line="339" column="34" severity="error" message="Der Parameter poorMaxAmount sollte als &apos;final&apos; deklariert sein." source="com.puppycrawl.tools.checkstyle.checks.FinalParametersCheck"/>
<error line="339" column="38" severity="error" message="&apos;poorMaxAmount&apos; verbirgt ein Feld." source="com.puppycrawl.tools.checkstyle.checks.coding.HiddenFieldCheck"/>
<error line="346" column="5" severity="error" message="Die Methode &apos;getAverageMinAmount&apos; ist nicht für Vererbung entworfen - muss abstract, final oder leer sein." source="com.puppycrawl.tools.checkstyle.checks.design.DesignForExtensionCheck"/>
<error line="354" column="5" severity="error" message="Die Methode &apos;setAverageMinAmount&apos; ist nicht für Vererbung entworfen - muss abstract, final oder leer sein." source="com.puppycrawl.tools.checkstyle.checks.design.DesignForExtensionCheck"/>
<error line="354" column="37" severity="error" message="Der Parameter averageMinAmount sollte als &apos;final&apos; deklariert sein." source="com.puppycrawl.tools.checkstyle.checks.FinalParametersCheck"/>
<error line="354" column="41" severity="error" message="&apos;averageMinAmount&apos; verbirgt ein Feld." source="com.puppycrawl.tools.checkstyle.checks.coding.HiddenFieldCheck"/>
<error line="361" column="5" severity="error" message="Die Methode &apos;getAverageMaxAmount&apos; ist nicht für Vererbung entworfen - muss abstract, final oder leer sein." source="com.puppycrawl.tools.checkstyle.checks.design.DesignForExtensionCheck"/>
<error line="369" column="5" severity="error" message="Die Methode &apos;setAverageMaxAmount&apos; ist nicht für Vererbung entworfen - muss abstract, final oder leer sein." source="com.puppycrawl.tools.checkstyle.checks.design.DesignForExtensionCheck"/>
<error line="369" column="37" severity="error" message="Der Parameter averageMaxAmount sollte als &apos;final&apos; deklariert sein." source="com.puppycrawl.tools.checkstyle.checks.FinalParametersCheck"/>
<error line="369" column="41" severity="error" message="&apos;averageMaxAmount&apos; verbirgt ein Feld." source="com.puppycrawl.tools.checkstyle.checks.coding.HiddenFieldCheck"/>
<error line="376" column="5" severity="error" message="Die Methode &apos;getGoodMinAmount&apos; ist nicht für Vererbung entworfen - muss abstract, final oder leer sein." source="com.puppycrawl.tools.checkstyle.checks.design.DesignForExtensionCheck"/>
<error line="384" column="5" severity="error" message="Die Methode &apos;setGoodMinAmount&apos; ist nicht für Vererbung entworfen - muss abstract, final oder leer sein." source="com.puppycrawl.tools.checkstyle.checks.design.DesignForExtensionCheck"/>
<error line="384" column="34" severity="error" message="Der Parameter goodMinAmount sollte als &apos;final&apos; deklariert sein." source="com.puppycrawl.tools.checkstyle.checks.FinalParametersCheck"/>
<error line="384" column="38" severity="error" message="&apos;goodMinAmount&apos; verbirgt ein Feld." source="com.puppycrawl.tools.checkstyle.checks.coding.HiddenFieldCheck"/>
<error line="391" column="5" severity="error" message="Die Methode &apos;getGoodMaxAmount&apos; ist nicht für Vererbung entworfen - muss abstract, final oder leer sein." source="com.puppycrawl.tools.checkstyle.checks.design.DesignForExtensionCheck"/>
<error line="399" column="5" severity="error" message="Die Methode &apos;setGoodMaxAmount&apos; ist nicht für Vererbung entworfen - muss abstract, final oder leer sein." source="com.puppycrawl.tools.checkstyle.checks.design.DesignForExtensionCheck"/>
<error line="399" column="34" severity="error" message="Der Parameter goodMaxAmount sollte als &apos;final&apos; deklariert sein." source="com.puppycrawl.tools.checkstyle.checks.FinalParametersCheck"/>
<error line="399" column="38" severity="error" message="&apos;goodMaxAmount&apos; verbirgt ein Feld." source="com.puppycrawl.tools.checkstyle.checks.coding.HiddenFieldCheck"/>
<error line="406" column="5" severity="error" message="Die Methode &apos;getTopMinAmount&apos; ist nicht für Vererbung entworfen - muss abstract, final oder leer sein." source="com.puppycrawl.tools.checkstyle.checks.design.DesignForExtensionCheck"/>
<error line="414" column="5" severity="error" message="Die Methode &apos;setTopMinAmount&apos; ist nicht für Vererbung entworfen - muss abstract, final oder leer sein." source="com.puppycrawl.tools.checkstyle.checks.design.DesignForExtensionCheck"/>
<error line="414" column="33" severity="error" message="Der Parameter topMinAmount sollte als &apos;final&apos; deklariert sein." source="com.puppycrawl.tools.checkstyle.checks.FinalParametersCheck"/>
<error line="414" column="37" severity="error" message="&apos;topMinAmount&apos; verbirgt ein Feld." source="com.puppycrawl.tools.checkstyle.checks.coding.HiddenFieldCheck"/>
<error line="421" column="5" severity="error" message="Die Methode &apos;getTopMaxAmount&apos; ist nicht für Vererbung entworfen - muss abstract, final oder leer sein." source="com.puppycrawl.tools.checkstyle.checks.design.DesignForExtensionCheck"/>
<error line="429" column="5" severity="error" message="Die Methode &apos;setTopMaxAmount&apos; ist nicht für Vererbung entworfen - muss abstract, final oder leer sein." source="com.puppycrawl.tools.checkstyle.checks.design.DesignForExtensionCheck"/>
<error line="429" column="33" severity="error" message="Der Parameter topMaxAmount sollte als &apos;final&apos; deklariert sein." source="com.puppycrawl.tools.checkstyle.checks.FinalParametersCheck"/>
<error line="429" column="37" severity="error" message="&apos;topMaxAmount&apos; verbirgt ein Feld." source="com.puppycrawl.tools.checkstyle.checks.coding.HiddenFieldCheck"/>
<error line="436" column="5" severity="error" message="Die Methode &apos;getPoorItems&apos; ist nicht für Vererbung entworfen - muss abstract, final oder leer sein." source="com.puppycrawl.tools.checkstyle.checks.design.DesignForExtensionCheck"/>
<error line="444" column="5" severity="error" message="Die Methode &apos;setPoorItems&apos; ist nicht für Vererbung entworfen - muss abstract, final oder leer sein." source="com.puppycrawl.tools.checkstyle.checks.design.DesignForExtensionCheck"/>
<error line="444" column="30" severity="error" message="Der Parameter poorItems sollte als &apos;final&apos; deklariert sein." source="com.puppycrawl.tools.checkstyle.checks.FinalParametersCheck"/>
<error line="444" column="43" severity="error" message="&apos;poorItems&apos; verbirgt ein Feld." source="com.puppycrawl.tools.checkstyle.checks.coding.HiddenFieldCheck"/>
<error line="451" column="5" severity="error" message="Die Methode &apos;getAverageItems&apos; ist nicht für Vererbung entworfen - muss abstract, final oder leer sein." source="com.puppycrawl.tools.checkstyle.checks.design.DesignForExtensionCheck"/>
<error line="459" column="5" severity="error" message="Die Methode &apos;setAverageItems&apos; ist nicht für Vererbung entworfen - muss abstract, final oder leer sein." source="com.puppycrawl.tools.checkstyle.checks.design.DesignForExtensionCheck"/>
<error line="459" column="33" severity="error" message="Der Parameter averageItems sollte als &apos;final&apos; deklariert sein." source="com.puppycrawl.tools.checkstyle.checks.FinalParametersCheck"/>
<error line="459" column="46" severity="error" message="&apos;averageItems&apos; verbirgt ein Feld." source="com.puppycrawl.tools.checkstyle.checks.coding.HiddenFieldCheck"/>
<error line="466" column="5" severity="error" message="Die Methode &apos;getGoodItems&apos; ist nicht für Vererbung entworfen - muss abstract, final oder leer sein." source="com.puppycrawl.tools.checkstyle.checks.design.DesignForExtensionCheck"/>
<error line="474" column="5" severity="error" message="Die Methode &apos;setGoodItems&apos; ist nicht für Vererbung entworfen - muss abstract, final oder leer sein." source="com.puppycrawl.tools.checkstyle.checks.design.DesignForExtensionCheck"/>
<error line="474" column="30" severity="error" message="Der Parameter goodItems sollte als &apos;final&apos; deklariert sein." source="com.puppycrawl.tools.checkstyle.checks.FinalParametersCheck"/>
<error line="474" column="43" severity="error" message="&apos;goodItems&apos; verbirgt ein Feld." source="com.puppycrawl.tools.checkstyle.checks.coding.HiddenFieldCheck"/>
<error line="481" column="5" severity="error" message="Die Methode &apos;getTopItems&apos; ist nicht für Vererbung entworfen - muss abstract, final oder leer sein." source="com.puppycrawl.tools.checkstyle.checks.design.DesignForExtensionCheck"/>
<error line="489" column="5" severity="error" message="Die Methode &apos;setTopItems&apos; ist nicht für Vererbung entworfen - muss abstract, final oder leer sein." source="com.puppycrawl.tools.checkstyle.checks.design.DesignForExtensionCheck"/>
<error line="489" column="29" severity="error" message="Der Parameter topItems sollte als &apos;final&apos; deklariert sein." source="com.puppycrawl.tools.checkstyle.checks.FinalParametersCheck"/>
<error line="489" column="42" severity="error" message="&apos;topItems&apos; verbirgt ein Feld." source="com.puppycrawl.tools.checkstyle.checks.coding.HiddenFieldCheck"/>
<error line="496" column="5" severity="error" message="Die Methode &apos;getBroadcastMessageItem&apos; ist nicht für Vererbung entworfen - muss abstract, final oder leer sein." source="com.puppycrawl.tools.checkstyle.checks.design.DesignForExtensionCheck"/>
<error line="504" column="5" severity="error" message="Die Methode &apos;setBroadcastMessageItem&apos; ist nicht für Vererbung entworfen - muss abstract, final oder leer sein." source="com.puppycrawl.tools.checkstyle.checks.design.DesignForExtensionCheck"/>
<error line="504" column="41" severity="error" message="Der Parameter broadcastMessageItem sollte als &apos;final&apos; deklariert sein." source="com.puppycrawl.tools.checkstyle.checks.FinalParametersCheck"/>
<error line="504" column="54" severity="error" message="&apos;broadcastMessageItem&apos; verbirgt ein Feld." source="com.puppycrawl.tools.checkstyle.checks.coding.HiddenFieldCheck"/>
<error line="511" column="5" severity="error" message="Die Methode &apos;getBroadcastMessageEcon&apos; ist nicht für Vererbung entworfen - muss abstract, final oder leer sein." source="com.puppycrawl.tools.checkstyle.checks.design.DesignForExtensionCheck"/>
<error line="519" column="5" severity="error" message="Die Methode &apos;setBroadcastMessageEcon&apos; ist nicht für Vererbung entworfen - muss abstract, final oder leer sein." source="com.puppycrawl.tools.checkstyle.checks.design.DesignForExtensionCheck"/>
<error line="519" column="41" severity="error" message="Der Parameter broadcastMessageEcon sollte als &apos;final&apos; deklariert sein." source="com.puppycrawl.tools.checkstyle.checks.FinalParametersCheck"/>
<error line="519" column="54" severity="error" message="&apos;broadcastMessageEcon&apos; verbirgt ein Feld." source="com.puppycrawl.tools.checkstyle.checks.coding.HiddenFieldCheck"/>
<error line="526" column="5" severity="error" message="Die Methode &apos;isOnlyEcon&apos; ist nicht für Vererbung entworfen - muss abstract, final oder leer sein." source="com.puppycrawl.tools.checkstyle.checks.design.DesignForExtensionCheck"/>
<error line="534" column="5" severity="error" message="Die Methode &apos;setOnlyEcon&apos; ist nicht für Vererbung entworfen - muss abstract, final oder leer sein." source="com.puppycrawl.tools.checkstyle.checks.design.DesignForExtensionCheck"/>
<error line="534" column="29" severity="error" message="Der Parameter onlyEcon sollte als &apos;final&apos; deklariert sein." source="com.puppycrawl.tools.checkstyle.checks.FinalParametersCheck"/>
<error line="534" column="37" severity="error" message="&apos;onlyEcon&apos; verbirgt ein Feld." source="com.puppycrawl.tools.checkstyle.checks.coding.HiddenFieldCheck"/>
<error line="541" column="5" severity="error" message="Die Methode &apos;isFixEcon&apos; ist nicht für Vererbung entworfen - muss abstract, final oder leer sein." source="com.puppycrawl.tools.checkstyle.checks.design.DesignForExtensionCheck"/>
<error line="549" column="5" severity="error" message="Die Methode &apos;setFixEcon&apos; ist nicht für Vererbung entworfen - muss abstract, final oder leer sein." source="com.puppycrawl.tools.checkstyle.checks.design.DesignForExtensionCheck"/>
<error line="549" column="28" severity="error" message="Der Parameter fixEcon sollte als &apos;final&apos; deklariert sein." source="com.puppycrawl.tools.checkstyle.checks.FinalParametersCheck"/>
<error line="549" column="36" severity="error" message="&apos;fixEcon&apos; verbirgt ein Feld." source="com.puppycrawl.tools.checkstyle.checks.coding.HiddenFieldCheck"/>
<error line="556" column="5" severity="error" message="Die Methode &apos;getFixEconAmmount&apos; ist nicht für Vererbung entworfen - muss abstract, final oder leer sein." source="com.puppycrawl.tools.checkstyle.checks.design.DesignForExtensionCheck"/>
<error line="564" column="5" severity="error" message="Die Methode &apos;setFixEconAmmount&apos; ist nicht für Vererbung entworfen - muss abstract, final oder leer sein." source="com.puppycrawl.tools.checkstyle.checks.design.DesignForExtensionCheck"/>
<error line="564" column="35" severity="error" message="Der Parameter fixEconAmmount sollte als &apos;final&apos; deklariert sein." source="com.puppycrawl.tools.checkstyle.checks.FinalParametersCheck"/>
<error line="564" column="39" severity="error" message="&apos;fixEconAmmount&apos; verbirgt ein Feld." source="com.puppycrawl.tools.checkstyle.checks.coding.HiddenFieldCheck"/>
<error line="571" column="5" severity="error" message="Die Methode &apos;getFireworkColors&apos; ist nicht für Vererbung entworfen - muss abstract, final oder leer sein." source="com.puppycrawl.tools.checkstyle.checks.design.DesignForExtensionCheck"/>
<error line="579" column="5" severity="error" message="Die Methode &apos;setFireworkColors&apos; ist nicht für Vererbung entworfen - muss abstract, final oder leer sein." source="com.puppycrawl.tools.checkstyle.checks.design.DesignForExtensionCheck"/>
<error line="579" column="35" severity="error" message="Der Parameter fireworkColors sollte als &apos;final&apos; deklariert sein." source="com.puppycrawl.tools.checkstyle.checks.FinalParametersCheck"/>
<error line="579" column="48" severity="error" message="&apos;fireworkColors&apos; verbirgt ein Feld." source="com.puppycrawl.tools.checkstyle.checks.coding.HiddenFieldCheck"/>
<error line="586" column="5" severity="error" message="Die Methode &apos;getFireworkFadeColors&apos; ist nicht für Vererbung entworfen - muss abstract, final oder leer sein." source="com.puppycrawl.tools.checkstyle.checks.design.DesignForExtensionCheck"/>
<error line="594" column="5" severity="error" message="Die Methode &apos;setFireworkFadeColors&apos; ist nicht für Vererbung entworfen - muss abstract, final oder leer sein." source="com.puppycrawl.tools.checkstyle.checks.design.DesignForExtensionCheck"/>
<error line="594" column="39" severity="error" message="Der Parameter fireworkFadeColors sollte als &apos;final&apos; deklariert sein." source="com.puppycrawl.tools.checkstyle.checks.FinalParametersCheck"/>
<error line="594" column="52" severity="error" message="&apos;fireworkFadeColors&apos; verbirgt ein Feld." source="com.puppycrawl.tools.checkstyle.checks.coding.HiddenFieldCheck"/>
<error line="601" column="5" severity="error" message="Die Methode &apos;getFireworkType&apos; ist nicht für Vererbung entworfen - muss abstract, final oder leer sein." source="com.puppycrawl.tools.checkstyle.checks.design.DesignForExtensionCheck"/>
<error line="609" column="5" severity="error" message="Die Methode &apos;setFireworkType&apos; ist nicht für Vererbung entworfen - muss abstract, final oder leer sein." source="com.puppycrawl.tools.checkstyle.checks.design.DesignForExtensionCheck"/>
<error line="609" column="33" severity="error" message="Der Parameter fireworkType sollte als &apos;final&apos; deklariert sein." source="com.puppycrawl.tools.checkstyle.checks.FinalParametersCheck"/>
<error line="609" column="40" severity="error" message="&apos;fireworkType&apos; verbirgt ein Feld." source="com.puppycrawl.tools.checkstyle.checks.coding.HiddenFieldCheck"/>
<error line="616" column="5" severity="error" message="Die Methode &apos;getFireworkPower&apos; ist nicht für Vererbung entworfen - muss abstract, final oder leer sein." source="com.puppycrawl.tools.checkstyle.checks.design.DesignForExtensionCheck"/>
<error line="624" column="5" severity="error" message="Die Methode &apos;setFireworkPower&apos; ist nicht für Vererbung entworfen - muss abstract, final oder leer sein." source="com.puppycrawl.tools.checkstyle.checks.design.DesignForExtensionCheck"/>
<error line="624" column="34" severity="error" message="Der Parameter fireworkPower sollte als &apos;final&apos; deklariert sein." source="com.puppycrawl.tools.checkstyle.checks.FinalParametersCheck"/>
<error line="624" column="38" severity="error" message="&apos;fireworkPower&apos; verbirgt ein Feld." source="com.puppycrawl.tools.checkstyle.checks.coding.HiddenFieldCheck"/>
<error line="631" column="5" severity="error" message="Die Methode &apos;isFirework&apos; ist nicht für Vererbung entworfen - muss abstract, final oder leer sein." source="com.puppycrawl.tools.checkstyle.checks.design.DesignForExtensionCheck"/>
<error line="639" column="5" severity="error" message="Die Methode &apos;setFirework&apos; ist nicht für Vererbung entworfen - muss abstract, final oder leer sein." source="com.puppycrawl.tools.checkstyle.checks.design.DesignForExtensionCheck"/>
<error line="639" column="29" severity="error" message="Der Parameter firework sollte als &apos;final&apos; deklariert sein." source="com.puppycrawl.tools.checkstyle.checks.FinalParametersCheck"/>
<error line="639" column="37" severity="error" message="&apos;firework&apos; verbirgt ein Feld." source="com.puppycrawl.tools.checkstyle.checks.coding.HiddenFieldCheck"/>
</file>
<file name="D:\GitHub\NextVote\src\com\github\calenria\nextvote\models\VoteData.java">
<error line="27" severity="error" message="Javadoc-Kommentar fehlt." source="com.puppycrawl.tools.checkstyle.checks.javadoc.JavadocTypeCheck"/>
<error line="31" column="5" severity="error" message="Javadoc-Kommentar fehlt." source="com.puppycrawl.tools.checkstyle.checks.javadoc.JavadocVariableCheck"/>
<error line="34" column="5" severity="error" message="Javadoc-Kommentar fehlt." source="com.puppycrawl.tools.checkstyle.checks.javadoc.JavadocVariableCheck"/>
<error line="36" column="5" severity="error" message="Javadoc-Kommentar fehlt." source="com.puppycrawl.tools.checkstyle.checks.javadoc.JavadocVariableCheck"/>
<error line="37" column="5" severity="error" message="Javadoc-Kommentar fehlt." source="com.puppycrawl.tools.checkstyle.checks.javadoc.JavadocVariableCheck"/>
<error line="38" column="5" severity="error" message="Javadoc-Kommentar fehlt." source="com.puppycrawl.tools.checkstyle.checks.javadoc.JavadocVariableCheck"/>
<error line="40" column="5" severity="error" message="Die Methode &apos;getId&apos; ist nicht für Vererbung entworfen - muss abstract, final oder leer sein." source="com.puppycrawl.tools.checkstyle.checks.design.DesignForExtensionCheck"/>
<error line="40" column="5" severity="error" message="Javadoc-Kommentar fehlt." source="com.puppycrawl.tools.checkstyle.checks.javadoc.JavadocMethodCheck"/>
<error line="44" column="5" severity="error" message="Die Methode &apos;setId&apos; ist nicht für Vererbung entworfen - muss abstract, final oder leer sein." source="com.puppycrawl.tools.checkstyle.checks.design.DesignForExtensionCheck"/>
<error line="44" column="5" severity="error" message="Javadoc-Kommentar fehlt." source="com.puppycrawl.tools.checkstyle.checks.javadoc.JavadocMethodCheck"/>
<error line="44" column="23" severity="error" message="Der Parameter id sollte als &apos;final&apos; deklariert sein." source="com.puppycrawl.tools.checkstyle.checks.FinalParametersCheck"/>
<error line="44" column="31" severity="error" message="&apos;id&apos; verbirgt ein Feld." source="com.puppycrawl.tools.checkstyle.checks.coding.HiddenFieldCheck"/>
<error line="48" column="5" severity="error" message="Die Methode &apos;getMinecraftUser&apos; ist nicht für Vererbung entworfen - muss abstract, final oder leer sein." source="com.puppycrawl.tools.checkstyle.checks.design.DesignForExtensionCheck"/>
<error line="48" column="5" severity="error" message="Javadoc-Kommentar fehlt." source="com.puppycrawl.tools.checkstyle.checks.javadoc.JavadocMethodCheck"/>
<error line="52" column="5" severity="error" message="Die Methode &apos;setMinecraftUser&apos; ist nicht für Vererbung entworfen - muss abstract, final oder leer sein." source="com.puppycrawl.tools.checkstyle.checks.design.DesignForExtensionCheck"/>
<error line="52" column="5" severity="error" message="Javadoc-Kommentar fehlt." source="com.puppycrawl.tools.checkstyle.checks.javadoc.JavadocMethodCheck"/>
<error line="52" column="34" severity="error" message="Der Parameter player sollte als &apos;final&apos; deklariert sein." source="com.puppycrawl.tools.checkstyle.checks.FinalParametersCheck"/>
<error line="56" column="5" severity="error" message="Die Methode &apos;getTime&apos; ist nicht für Vererbung entworfen - muss abstract, final oder leer sein." source="com.puppycrawl.tools.checkstyle.checks.design.DesignForExtensionCheck"/>
<error line="56" column="5" severity="error" message="Javadoc-Kommentar fehlt." source="com.puppycrawl.tools.checkstyle.checks.javadoc.JavadocMethodCheck"/>
<error line="60" column="5" severity="error" message="Die Methode &apos;setTime&apos; ist nicht für Vererbung entworfen - muss abstract, final oder leer sein." source="com.puppycrawl.tools.checkstyle.checks.design.DesignForExtensionCheck"/>
<error line="60" column="5" severity="error" message="Javadoc-Kommentar fehlt." source="com.puppycrawl.tools.checkstyle.checks.javadoc.JavadocMethodCheck"/>
<error line="60" column="25" severity="error" message="Der Parameter time sollte als &apos;final&apos; deklariert sein." source="com.puppycrawl.tools.checkstyle.checks.FinalParametersCheck"/>
<error line="60" column="35" severity="error" message="&apos;time&apos; verbirgt ein Feld." source="com.puppycrawl.tools.checkstyle.checks.coding.HiddenFieldCheck"/>
<error line="64" column="5" severity="error" message="Die Methode &apos;getIp&apos; ist nicht für Vererbung entworfen - muss abstract, final oder leer sein." source="com.puppycrawl.tools.checkstyle.checks.design.DesignForExtensionCheck"/>
<error line="64" column="5" severity="error" message="Javadoc-Kommentar fehlt." source="com.puppycrawl.tools.checkstyle.checks.javadoc.JavadocMethodCheck"/>
<error line="68" column="5" severity="error" message="Die Methode &apos;setIp&apos; ist nicht für Vererbung entworfen - muss abstract, final oder leer sein." source="com.puppycrawl.tools.checkstyle.checks.design.DesignForExtensionCheck"/>
<error line="68" column="5" severity="error" message="Javadoc-Kommentar fehlt." source="com.puppycrawl.tools.checkstyle.checks.javadoc.JavadocMethodCheck"/>
<error line="68" column="23" severity="error" message="Der Parameter ip sollte als &apos;final&apos; deklariert sein." source="com.puppycrawl.tools.checkstyle.checks.FinalParametersCheck"/>
<error line="68" column="30" severity="error" message="&apos;ip&apos; verbirgt ein Feld." source="com.puppycrawl.tools.checkstyle.checks.coding.HiddenFieldCheck"/>
<error line="72" column="5" severity="error" message="Die Methode &apos;getService&apos; ist nicht für Vererbung entworfen - muss abstract, final oder leer sein." source="com.puppycrawl.tools.checkstyle.checks.design.DesignForExtensionCheck"/>
<error line="72" column="5" severity="error" message="Javadoc-Kommentar fehlt." source="com.puppycrawl.tools.checkstyle.checks.javadoc.JavadocMethodCheck"/>
<error line="76" column="5" severity="error" message="Die Methode &apos;setService&apos; ist nicht für Vererbung entworfen - muss abstract, final oder leer sein." source="com.puppycrawl.tools.checkstyle.checks.design.DesignForExtensionCheck"/>
<error line="76" column="5" severity="error" message="Javadoc-Kommentar fehlt." source="com.puppycrawl.tools.checkstyle.checks.javadoc.JavadocMethodCheck"/>
<error line="76" column="28" severity="error" message="Der Parameter service sollte als &apos;final&apos; deklariert sein." source="com.puppycrawl.tools.checkstyle.checks.FinalParametersCheck"/>
<error line="76" column="35" severity="error" message="&apos;service&apos; verbirgt ein Feld." source="com.puppycrawl.tools.checkstyle.checks.coding.HiddenFieldCheck"/>
</file>
<file name="D:\GitHub\NextVote\src\com\github\calenria\nextvote\models\VoteHistory.java">
<error line="10" severity="error" message="Javadoc-Kommentar fehlt." source="com.puppycrawl.tools.checkstyle.checks.javadoc.JavadocTypeCheck"/>
<error line="13" column="5" severity="error" message="Javadoc-Kommentar fehlt." source="com.puppycrawl.tools.checkstyle.checks.javadoc.JavadocVariableCheck"/>
<error line="16" column="5" severity="error" message="Javadoc-Kommentar fehlt." source="com.puppycrawl.tools.checkstyle.checks.javadoc.JavadocVariableCheck"/>
<error line="18" column="5" severity="error" message="Javadoc-Kommentar fehlt." source="com.puppycrawl.tools.checkstyle.checks.javadoc.JavadocVariableCheck"/>
<error line="20" column="5" severity="error" message="Javadoc-Kommentar fehlt." source="com.puppycrawl.tools.checkstyle.checks.javadoc.JavadocVariableCheck"/>
<error line="22" column="5" severity="error" message="Javadoc-Kommentar fehlt." source="com.puppycrawl.tools.checkstyle.checks.javadoc.JavadocVariableCheck"/>
<error line="23" column="5" severity="error" message="Javadoc-Kommentar fehlt." source="com.puppycrawl.tools.checkstyle.checks.javadoc.JavadocVariableCheck"/>
<error line="25" column="5" severity="error" message="Javadoc-Kommentar fehlt." source="com.puppycrawl.tools.checkstyle.checks.javadoc.JavadocVariableCheck"/>
<error line="27" column="5" severity="error" message="Javadoc-Kommentar fehlt." source="com.puppycrawl.tools.checkstyle.checks.javadoc.JavadocVariableCheck"/>
<error line="29" column="5" severity="error" message="Javadoc-Kommentar fehlt." source="com.puppycrawl.tools.checkstyle.checks.javadoc.JavadocVariableCheck"/>
<error line="30" column="5" severity="error" message="Javadoc-Kommentar fehlt." source="com.puppycrawl.tools.checkstyle.checks.javadoc.JavadocVariableCheck"/>
<error line="31" column="5" severity="error" message="Javadoc-Kommentar fehlt." source="com.puppycrawl.tools.checkstyle.checks.javadoc.JavadocVariableCheck"/>
<error line="33" column="5" severity="error" message="Javadoc-Kommentar fehlt." source="com.puppycrawl.tools.checkstyle.checks.javadoc.JavadocVariableCheck"/>
<error line="34" column="5" severity="error" message="Javadoc-Kommentar fehlt." source="com.puppycrawl.tools.checkstyle.checks.javadoc.JavadocVariableCheck"/>
<error line="36" column="5" severity="error" message="Javadoc-Kommentar fehlt." source="com.puppycrawl.tools.checkstyle.checks.javadoc.JavadocVariableCheck"/>
<error line="42" column="5" severity="error" message="Die Methode &apos;getAmmount&apos; ist nicht für Vererbung entworfen - muss abstract, final oder leer sein." source="com.puppycrawl.tools.checkstyle.checks.design.DesignForExtensionCheck"/>
<error line="49" column="5" severity="error" message="Die Methode &apos;getDamage&apos; ist nicht für Vererbung entworfen - muss abstract, final oder leer sein." source="com.puppycrawl.tools.checkstyle.checks.design.DesignForExtensionCheck"/>
<error line="56" column="5" severity="error" message="Die Methode &apos;getId&apos; ist nicht für Vererbung entworfen - muss abstract, final oder leer sein." source="com.puppycrawl.tools.checkstyle.checks.design.DesignForExtensionCheck"/>
<error line="60" severity="error" message="Der erste Satz sollte mit einem Punkt abschließen." source="com.puppycrawl.tools.checkstyle.checks.javadoc.JavadocStyleCheck"/>
<error line="63" column="5" severity="error" message="Die Methode &apos;setId&apos; ist nicht für Vererbung entworfen - muss abstract, final oder leer sein." source="com.puppycrawl.tools.checkstyle.checks.design.DesignForExtensionCheck"/>
<error line="63" column="23" severity="error" message="Der Parameter id sollte als &apos;final&apos; deklariert sein." source="com.puppycrawl.tools.checkstyle.checks.FinalParametersCheck"/>
<error line="63" column="31" severity="error" message="&apos;id&apos; verbirgt ein Feld." source="com.puppycrawl.tools.checkstyle.checks.coding.HiddenFieldCheck"/>
<error line="63" column="31" severity="error" message="Erwartete Tag @param für &apos;id&apos;." source="com.puppycrawl.tools.checkstyle.checks.javadoc.JavadocMethodCheck"/>
<error line="70" column="5" severity="error" message="Die Methode &apos;getLastUpdate&apos; ist nicht für Vererbung entworfen - muss abstract, final oder leer sein." source="com.puppycrawl.tools.checkstyle.checks.design.DesignForExtensionCheck"/>
<error line="77" column="5" severity="error" message="Die Methode &apos;getLocalName&apos; ist nicht für Vererbung entworfen - muss abstract, final oder leer sein." source="com.puppycrawl.tools.checkstyle.checks.design.DesignForExtensionCheck"/>
<error line="84" column="5" severity="error" message="Die Methode &apos;getMinecraftUser&apos; ist nicht für Vererbung entworfen - muss abstract, final oder leer sein." source="com.puppycrawl.tools.checkstyle.checks.design.DesignForExtensionCheck"/>
<error line="91" column="5" severity="error" message="Die Methode &apos;getName&apos; ist nicht für Vererbung entworfen - muss abstract, final oder leer sein." source="com.puppycrawl.tools.checkstyle.checks.design.DesignForExtensionCheck"/>
<error line="98" column="5" severity="error" message="Die Methode &apos;getTime&apos; ist nicht für Vererbung entworfen - muss abstract, final oder leer sein." source="com.puppycrawl.tools.checkstyle.checks.design.DesignForExtensionCheck"/>
<error line="105" column="5" severity="error" message="Die Methode &apos;hasEcon&apos; ist nicht für Vererbung entworfen - muss abstract, final oder leer sein." source="com.puppycrawl.tools.checkstyle.checks.design.DesignForExtensionCheck"/>
<error line="112" column="5" severity="error" message="Die Methode &apos;isEcon&apos; ist nicht für Vererbung entworfen - muss abstract, final oder leer sein." source="com.puppycrawl.tools.checkstyle.checks.design.DesignForExtensionCheck"/>
<error line="119" column="5" severity="error" message="Die Methode &apos;getEcon&apos; ist nicht für Vererbung entworfen - muss abstract, final oder leer sein." source="com.puppycrawl.tools.checkstyle.checks.design.DesignForExtensionCheck"/>
<error line="126" column="5" severity="error" message="Die Methode &apos;hasPaidEcon&apos; ist nicht für Vererbung entworfen - muss abstract, final oder leer sein." source="com.puppycrawl.tools.checkstyle.checks.design.DesignForExtensionCheck"/>
<error line="133" column="5" severity="error" message="Die Methode &apos;isPaidEcon&apos; ist nicht für Vererbung entworfen - muss abstract, final oder leer sein." source="com.puppycrawl.tools.checkstyle.checks.design.DesignForExtensionCheck"/>
<error line="140" column="5" severity="error" message="Die Methode &apos;getPaidEcon&apos; ist nicht für Vererbung entworfen - muss abstract, final oder leer sein." source="com.puppycrawl.tools.checkstyle.checks.design.DesignForExtensionCheck"/>
<error line="148" column="5" severity="error" message="Die Methode &apos;setAmmount&apos; ist nicht für Vererbung entworfen - muss abstract, final oder leer sein." source="com.puppycrawl.tools.checkstyle.checks.design.DesignForExtensionCheck"/>
<error line="148" column="28" severity="error" message="Der Parameter ammount sollte als &apos;final&apos; deklariert sein." source="com.puppycrawl.tools.checkstyle.checks.FinalParametersCheck"/>
<error line="148" column="32" severity="error" message="&apos;ammount&apos; verbirgt ein Feld." source="com.puppycrawl.tools.checkstyle.checks.coding.HiddenFieldCheck"/>
<error line="156" column="5" severity="error" message="Die Methode &apos;setDamage&apos; ist nicht für Vererbung entworfen - muss abstract, final oder leer sein." source="com.puppycrawl.tools.checkstyle.checks.design.DesignForExtensionCheck"/>
<error line="156" column="27" severity="error" message="Der Parameter damage sollte als &apos;final&apos; deklariert sein." source="com.puppycrawl.tools.checkstyle.checks.FinalParametersCheck"/>
<error line="156" column="33" severity="error" message="&apos;damage&apos; verbirgt ein Feld." source="com.puppycrawl.tools.checkstyle.checks.coding.HiddenFieldCheck"/>
<error line="164" column="5" severity="error" message="Die Methode &apos;setEcon&apos; ist nicht für Vererbung entworfen - muss abstract, final oder leer sein." source="com.puppycrawl.tools.checkstyle.checks.design.DesignForExtensionCheck"/>
<error line="164" column="25" severity="error" message="Der Parameter econ sollte als &apos;final&apos; deklariert sein." source="com.puppycrawl.tools.checkstyle.checks.FinalParametersCheck"/>
<error line="164" column="33" severity="error" message="&apos;econ&apos; verbirgt ein Feld." source="com.puppycrawl.tools.checkstyle.checks.coding.HiddenFieldCheck"/>
<error line="169" column="8" severity="error" message="Nicht benutztes @param-Tag für &apos;econ&apos;." source="com.puppycrawl.tools.checkstyle.checks.javadoc.JavadocMethodCheck"/>
<error line="172" column="5" severity="error" message="Die Methode &apos;setPaidEcon&apos; ist nicht für Vererbung entworfen - muss abstract, final oder leer sein." source="com.puppycrawl.tools.checkstyle.checks.design.DesignForExtensionCheck"/>
<error line="172" column="29" severity="error" message="Der Parameter paidEcon sollte als &apos;final&apos; deklariert sein." source="com.puppycrawl.tools.checkstyle.checks.FinalParametersCheck"/>
<error line="172" column="37" severity="error" message="&apos;paidEcon&apos; verbirgt ein Feld." source="com.puppycrawl.tools.checkstyle.checks.coding.HiddenFieldCheck"/>
<error line="172" column="37" severity="error" message="Erwartete Tag @param für &apos;paidEcon&apos;." source="com.puppycrawl.tools.checkstyle.checks.javadoc.JavadocMethodCheck"/>
<error line="180" column="5" severity="error" message="Die Methode &apos;setLastUpdate&apos; ist nicht für Vererbung entworfen - muss abstract, final oder leer sein." source="com.puppycrawl.tools.checkstyle.checks.design.DesignForExtensionCheck"/>
<error line="180" column="31" severity="error" message="Der Parameter lastUpdate sollte als &apos;final&apos; deklariert sein." source="com.puppycrawl.tools.checkstyle.checks.FinalParametersCheck"/>
<error line="180" column="41" severity="error" message="&apos;lastUpdate&apos; verbirgt ein Feld." source="com.puppycrawl.tools.checkstyle.checks.coding.HiddenFieldCheck"/>
<error line="188" column="5" severity="error" message="Die Methode &apos;setLocalName&apos; ist nicht für Vererbung entworfen - muss abstract, final oder leer sein." source="com.puppycrawl.tools.checkstyle.checks.design.DesignForExtensionCheck"/>
<error line="188" column="30" severity="error" message="Der Parameter localName sollte als &apos;final&apos; deklariert sein." source="com.puppycrawl.tools.checkstyle.checks.FinalParametersCheck"/>
<error line="188" column="37" severity="error" message="&apos;localName&apos; verbirgt ein Feld." source="com.puppycrawl.tools.checkstyle.checks.coding.HiddenFieldCheck"/>
<error line="196" column="5" severity="error" message="Die Methode &apos;setMinecraftUser&apos; ist nicht für Vererbung entworfen - muss abstract, final oder leer sein." source="com.puppycrawl.tools.checkstyle.checks.design.DesignForExtensionCheck"/>
<error line="196" column="34" severity="error" message="Der Parameter minecraftUser sollte als &apos;final&apos; deklariert sein." source="com.puppycrawl.tools.checkstyle.checks.FinalParametersCheck"/>
<error line="196" column="41" severity="error" message="&apos;minecraftUser&apos; verbirgt ein Feld." source="com.puppycrawl.tools.checkstyle.checks.coding.HiddenFieldCheck"/>
<error line="204" column="5" severity="error" message="Die Methode &apos;setName&apos; ist nicht für Vererbung entworfen - muss abstract, final oder leer sein." source="com.puppycrawl.tools.checkstyle.checks.design.DesignForExtensionCheck"/>
<error line="204" column="25" severity="error" message="Der Parameter name sollte als &apos;final&apos; deklariert sein." source="com.puppycrawl.tools.checkstyle.checks.FinalParametersCheck"/>
<error line="204" column="32" severity="error" message="&apos;name&apos; verbirgt ein Feld." source="com.puppycrawl.tools.checkstyle.checks.coding.HiddenFieldCheck"/>
<error line="212" column="5" severity="error" message="Die Methode &apos;setTime&apos; ist nicht für Vererbung entworfen - muss abstract, final oder leer sein." source="com.puppycrawl.tools.checkstyle.checks.design.DesignForExtensionCheck"/>
<error line="212" column="25" severity="error" message="Der Parameter time sollte als &apos;final&apos; deklariert sein." source="com.puppycrawl.tools.checkstyle.checks.FinalParametersCheck"/>
<error line="212" column="35" severity="error" message="&apos;time&apos; verbirgt ein Feld." source="com.puppycrawl.tools.checkstyle.checks.coding.HiddenFieldCheck"/>
<error line="219" column="5" severity="error" message="Die Methode &apos;getEconAmmount&apos; ist nicht für Vererbung entworfen - muss abstract, final oder leer sein." source="com.puppycrawl.tools.checkstyle.checks.design.DesignForExtensionCheck"/>
<error line="227" column="5" severity="error" message="Die Methode &apos;setEconAmmount&apos; ist nicht für Vererbung entworfen - muss abstract, final oder leer sein." source="com.puppycrawl.tools.checkstyle.checks.design.DesignForExtensionCheck"/>
<error line="227" column="32" severity="error" message="Der Parameter d sollte als &apos;final&apos; deklariert sein." source="com.puppycrawl.tools.checkstyle.checks.FinalParametersCheck"/>
<error line="234" column="5" severity="error" message="Die Methode &apos;hasItem&apos; ist nicht für Vererbung entworfen - muss abstract, final oder leer sein." source="com.puppycrawl.tools.checkstyle.checks.design.DesignForExtensionCheck"/>
<error line="241" column="5" severity="error" message="Die Methode &apos;isItem&apos; ist nicht für Vererbung entworfen - muss abstract, final oder leer sein." source="com.puppycrawl.tools.checkstyle.checks.design.DesignForExtensionCheck"/>
<error line="248" column="5" severity="error" message="Die Methode &apos;getItem&apos; ist nicht für Vererbung entworfen - muss abstract, final oder leer sein." source="com.puppycrawl.tools.checkstyle.checks.design.DesignForExtensionCheck"/>
<error line="256" column="5" severity="error" message="Die Methode &apos;setItem&apos; ist nicht für Vererbung entworfen - muss abstract, final oder leer sein." source="com.puppycrawl.tools.checkstyle.checks.design.DesignForExtensionCheck"/>
<error line="256" column="25" severity="error" message="Der Parameter item sollte als &apos;final&apos; deklariert sein." source="com.puppycrawl.tools.checkstyle.checks.FinalParametersCheck"/>
<error line="256" column="33" severity="error" message="&apos;item&apos; verbirgt ein Feld." source="com.puppycrawl.tools.checkstyle.checks.coding.HiddenFieldCheck"/>
<error line="263" column="5" severity="error" message="Die Methode &apos;isPaid&apos; ist nicht für Vererbung entworfen - muss abstract, final oder leer sein." source="com.puppycrawl.tools.checkstyle.checks.design.DesignForExtensionCheck"/>
<error line="270" column="5" severity="error" message="Die Methode &apos;getPaid&apos; ist nicht für Vererbung entworfen - muss abstract, final oder leer sein." source="com.puppycrawl.tools.checkstyle.checks.design.DesignForExtensionCheck"/>
<error line="278" column="5" severity="error" message="Die Methode &apos;setPaid&apos; ist nicht für Vererbung entworfen - muss abstract, final oder leer sein." source="com.puppycrawl.tools.checkstyle.checks.design.DesignForExtensionCheck"/>
<error line="278" column="25" severity="error" message="Der Parameter paid sollte als &apos;final&apos; deklariert sein." source="com.puppycrawl.tools.checkstyle.checks.FinalParametersCheck"/>
<error line="278" column="33" severity="error" message="&apos;paid&apos; verbirgt ein Feld." source="com.puppycrawl.tools.checkstyle.checks.coding.HiddenFieldCheck"/>
<error line="285" column="5" severity="error" message="Die Methode &apos;getMaterial&apos; ist nicht für Vererbung entworfen - muss abstract, final oder leer sein." source="com.puppycrawl.tools.checkstyle.checks.design.DesignForExtensionCheck"/>
<error line="293" column="5" severity="error" message="Die Methode &apos;setMaterial&apos; ist nicht für Vererbung entworfen - muss abstract, final oder leer sein." source="com.puppycrawl.tools.checkstyle.checks.design.DesignForExtensionCheck"/>
<error line="293" column="29" severity="error" message="Der Parameter material sollte als &apos;final&apos; deklariert sein." source="com.puppycrawl.tools.checkstyle.checks.FinalParametersCheck"/>
<error line="293" column="33" severity="error" message="&apos;material&apos; verbirgt ein Feld." source="com.puppycrawl.tools.checkstyle.checks.coding.HiddenFieldCheck"/>
</file>
</checkstyle>
